#
# There is insufficient memory for the Java Runtime Environment to continue.
# Native memory allocation (malloc) failed to allocate 32744 bytes for ChunkPool::allocate
# Possible reasons:
#   The system is out of physical RAM or swap space
#   The process is running with CompressedOops enabled, and the Java Heap may be blocking the growth of the native heap
# Possible solutions:
#   Reduce memory load on the system
#   Increase physical memory or swap space
#   Check if swap backing store is full
#   Decrease Java heap size (-Xmx/-Xms)
#   Decrease number of Java threads
#   Decrease Java thread stack sizes (-Xss)
#   Set larger code cache with -XX:ReservedCodeCacheSize=
#   JVM is running with Unscaled Compressed Oops mode in which the Java heap is
#     placed in the first 4GB address space. The Java Heap base address is the
#     maximum limit for the native heap growth. Please use -XX:HeapBaseMinAddress
#     to set the Java Heap base and to place the Java Heap above 4GB virtual address.
# This output file may be truncated or incomplete.
#
#  Out of Memory Error (./src/hotspot/share/memory/arena.cpp:81), pid=184, tid=12240
#
# JRE version: OpenJDK Runtime Environment (11.0.13) (build 11.0.13+0-b1751.21-8125866)
# Java VM: OpenJDK 64-Bit Server VM (11.0.13+0-b1751.21-8125866, mixed mode, tiered, compressed oops, g1 gc, windows-amd64)
# No core dump will be written. Minidumps are not enabled by default on client versions of Windows
#

---------------  S U M M A R Y ------------

Command Line: --add-opens=java.base/java.util=ALL-UNNAMED --add-opens=java.base/java.lang=ALL-UNNAMED --add-opens=java.base/java.lang.invoke=ALL-UNNAMED --add-opens=java.base/java.util=ALL-UNNAMED --add-opens=java.prefs/java.util.prefs=ALL-UNNAMED --add-opens=java.prefs/java.util.prefs=ALL-UNNAMED --add-opens=java.base/java.nio.charset=ALL-UNNAMED --add-opens=java.base/java.net=ALL-UNNAMED --add-opens=java.base/java.util.concurrent.atomic=ALL-UNNAMED -Xmx2048m -Dfile.encoding=UTF-8 -Duser.country=US -Duser.language=en -Duser.variant org.gradle.launcher.daemon.bootstrap.GradleDaemon 7.2

Host: Intel(R) Core(TM) i5-10300H CPU @ 2.50GHz, 8 cores, 7G,  Windows 11 , 64 bit Build 22000 (10.0.22000.120)
Time: Mon Dec 12 14:10:48 2022 W. Central Africa Standard Time elapsed time: 49.524864 seconds (0d 0h 0m 49s)

---------------  T H R E A D  ---------------

Current thread (0x00000263fa5a3000):  JavaThread "C2 CompilerThread2" daemon [_thread_in_native, id=12240, stack(0x000000b307f00000,0x000000b308000000)]


Current CompileTask:
C2:  49524 14713       4       org.gradle.tooling.internal.adapter.ProtocolToModelAdapter$SupportedPropertyInvoker::invoke (154 bytes)

Stack: [0x000000b307f00000,0x000000b308000000]
Native frames: (J=compiled Java code, j=interpreted, Vv=VM code, C=native code)
V  [jvm.dll+0x6100fa]
V  [jvm.dll+0x747090]
V  [jvm.dll+0x7486ad]
V  [jvm.dll+0x748d83]
V  [jvm.dll+0x24ab48]
V  [jvm.dll+0xc075b]
V  [jvm.dll+0xc0a0c]
V  [jvm.dll+0x363ece]
V  [jvm.dll+0x508364]
V  [jvm.dll+0x32b862]
V  [jvm.dll+0x32ad2a]
V  [jvm.dll+0x2032b2]
V  [jvm.dll+0x202437]
V  [jvm.dll+0x188e01]
V  [jvm.dll+0x21106b]
V  [jvm.dll+0x20f8c1]
V  [jvm.dll+0x70de0f]
V  [jvm.dll+0x706a75]
V  [jvm.dll+0x60ed66]
C  [ucrtbase.dll+0x26c0c]
C  [KERNEL32.DLL+0x154e0]
C  [ntdll.dll+0x485b]


---------------  P R O C E S S  ---------------

Threads class SMR info:
_java_thread_list=0x00000263fc8a5aa0, length=127, elements={
0x00000263d838e000, 0x00000263f4992800, 0x00000263f499c800, 0x00000263f5323000,
0x00000263f5324800, 0x00000263f5326800, 0x00000263f5327800, 0x00000263f5329800,
0x00000263f5330000, 0x00000263f547c000, 0x00000263f7cef800, 0x00000263f5576800,
0x00000263f55df800, 0x00000263f76e5800, 0x00000263f782a800, 0x00000263f84a3800,
0x00000263f84a4000, 0x00000263f84a6000, 0x00000263f84a7800, 0x00000263f84a5000,
0x00000263f84a1800, 0x00000263f84a8000, 0x00000263f84a2800, 0x00000263f82a2800,
0x00000263f82a5000, 0x00000263f82a2000, 0x00000263f82a6000, 0x00000263f82a0800,
0x00000263f82a3800, 0x00000263f82a9800, 0x00000263f5728000, 0x00000263f572d000,
0x00000263f5729000, 0x00000263f572f800, 0x00000263f5730800, 0x00000263f572a800,
0x00000263f5731000, 0x00000263f572b800, 0x00000263f5733000, 0x00000263f5734800,
0x00000263f5732000, 0x00000263f5736000, 0x00000263f5733800, 0x00000263f5737000,
0x00000263f5735000, 0x00000263f82a7000, 0x00000263f82a1000, 0x00000263f82ab800,
0x00000263f82ad800, 0x00000263f82ae000, 0x00000263f82a8800, 0x00000263f82ac800,
0x00000263f82af000, 0x00000263f84a6800, 0x00000263fe5ef800, 0x00000263fe5f0800,
0x00000263fe5f3800, 0x00000263fe5f1000, 0x00000263fe5f2000, 0x00000263fe5f3000,
0x00000263fe5ee800, 0x00000263fe5f4800, 0x00000263fe5f9800, 0x00000263fe5f5000,
0x00000263fe5fb800, 0x00000263fe5f7000, 0x00000263fe5f8800, 0x00000263fe5fa000,
0x00000263fe5f6000, 0x00000263fe5fc800, 0x00000263fe5fd800, 0x00000263fe5fb000,
0x00000263fe5f7800, 0x00000263fae29000, 0x00000263fae2a000, 0x00000263fae2a800,
0x00000263fae28000, 0x00000263fae2b800, 0x00000263fae2c000, 0x00000263fae2d000,
0x00000263fae27800, 0x00000263fae2e000, 0x00000263fbbeb800, 0x00000263fbbec800,
0x00000263fbbee000, 0x00000263fbbed000, 0x00000263fbbea000, 0x00000263fbbea800,
0x00000263fbbee800, 0x00000263fbbe9000, 0x00000263fbbf3800, 0x00000263fbbf2000,
0x00000263fbbf1000, 0x00000263fbbef800, 0x00000263fbbf0800, 0x00000263fbbf6000,
0x00000263fbbf4800, 0x00000263fbbf5000, 0x00000263fbbf7000, 0x00000263fbbf7800,
0x00000263fbbf3000, 0x00000263f7fe6800, 0x00000263f7fea000, 0x00000263f7fe7800,
0x00000263f7fe8000, 0x00000263f7fea800, 0x00000263f7fe9000, 0x00000263f7fee000,
0x00000263f7fef800, 0x00000263f7ff0800, 0x00000263f7fec800, 0x00000263f7ff1000,
0x00000263f7fee800, 0x00000263f7feb800, 0x00000263f7ff2000, 0x00000263f7ff3000,
0x00000263f7fed000, 0x00000263f7ff3800, 0x00000263f7ff5000, 0x00000263f7ff4800,
0x00000263fb16f000, 0x00000263fb170000, 0x00000263fb16d800, 0x00000263fb16c000,
0x00000263fb176800, 0x00000263fa5a1000, 0x00000263fa5a3000
}

Java Threads: ( => current thread )
  0x00000263d838e000 JavaThread "main" [_thread_blocked, id=8512, stack(0x000000b304b00000,0x000000b304c00000)]
  0x00000263f4992800 JavaThread "Reference Handler" daemon [_thread_blocked, id=1688, stack(0x000000b305200000,0x000000b305300000)]
  0x00000263f499c800 JavaThread "Finalizer" daemon [_thread_blocked, id=9100, stack(0x000000b305300000,0x000000b305400000)]
  0x00000263f5323000 JavaThread "Signal Dispatcher" daemon [_thread_blocked, id=8656, stack(0x000000b305400000,0x000000b305500000)]
  0x00000263f5324800 JavaThread "Attach Listener" daemon [_thread_blocked, id=12328, stack(0x000000b305500000,0x000000b305600000)]
  0x00000263f5326800 JavaThread "Service Thread" daemon [_thread_blocked, id=300, stack(0x000000b305600000,0x000000b305700000)]
  0x00000263f5327800 JavaThread "C2 CompilerThread0" daemon [_thread_in_native, id=7580, stack(0x000000b305700000,0x000000b305800000)]
  0x00000263f5329800 JavaThread "C1 CompilerThread0" daemon [_thread_blocked, id=2652, stack(0x000000b305800000,0x000000b305900000)]
  0x00000263f5330000 JavaThread "Sweeper thread" daemon [_thread_blocked, id=9492, stack(0x000000b305900000,0x000000b305a00000)]
  0x00000263f547c000 JavaThread "Common-Cleaner" daemon [_thread_blocked, id=8964, stack(0x000000b305a00000,0x000000b305b00000)]
  0x00000263f7cef800 JavaThread "Daemon health stats" [_thread_blocked, id=4344, stack(0x000000b306000000,0x000000b306100000)]
  0x00000263f5576800 JavaThread "Incoming local TCP Connector on port 54247" [_thread_in_native, id=10652, stack(0x000000b305c00000,0x000000b305d00000)]
  0x00000263f55df800 JavaThread "Daemon periodic checks" [_thread_blocked, id=2264, stack(0x000000b305f00000,0x000000b306000000)]
  0x00000263f76e5800 JavaThread "Daemon" [_thread_blocked, id=9356, stack(0x000000b306100000,0x000000b306200000)]
  0x00000263f782a800 JavaThread "Daemon worker" [_thread_in_native, id=6412, stack(0x000000b306400000,0x000000b306500000)]
  0x00000263f84a3800 JavaThread "Cache worker for journal cache (C:\Users\Marwa\.gradle\caches\journal-1)" [_thread_blocked, id=10584, stack(0x000000b306d00000,0x000000b306e00000)]
  0x00000263f84a4000 JavaThread "File lock request listener" [_thread_in_native, id=7712, stack(0x000000b306e00000,0x000000b306f00000)]
  0x00000263f84a6000 JavaThread "Cache worker for file hash cache (C:\Users\Marwa\.gradle\caches\7.2\fileHashes)" [_thread_blocked, id=14120, stack(0x000000b306f00000,0x000000b307000000)]
  0x00000263f84a7800 JavaThread "File watcher server" daemon [_thread_in_native, id=2032, stack(0x000000b307400000,0x000000b307500000)]
  0x00000263f84a5000 JavaThread "File watcher consumer" daemon [_thread_blocked, id=8136, stack(0x000000b307500000,0x000000b307600000)]
  0x00000263f84a1800 JavaThread "jar transforms" [_thread_blocked, id=15120, stack(0x000000b307600000,0x000000b307700000)]
  0x00000263f84a8000 JavaThread "jar transforms Thread 2" [_thread_blocked, id=14864, stack(0x000000b307700000,0x000000b307800000)]
  0x00000263f84a2800 JavaThread "jar transforms Thread 3" [_thread_blocked, id=6556, stack(0x000000b307800000,0x000000b307900000)]
  0x00000263f82a2800 JavaThread "jar transforms Thread 4" [_thread_blocked, id=8184, stack(0x000000b307900000,0x000000b307a00000)]
  0x00000263f82a5000 JavaThread "jar transforms Thread 5" [_thread_blocked, id=3428, stack(0x000000b307a00000,0x000000b307b00000)]
  0x00000263f82a2000 JavaThread "jar transforms Thread 6" [_thread_blocked, id=14504, stack(0x000000b307b00000,0x000000b307c00000)]
  0x00000263f82a6000 JavaThread "jar transforms Thread 7" [_thread_blocked, id=15060, stack(0x000000b307c00000,0x000000b307d00000)]
  0x00000263f82a0800 JavaThread "jar transforms Thread 8" [_thread_blocked, id=8308, stack(0x000000b307d00000,0x000000b307e00000)]
  0x00000263f82a3800 JavaThread "Cache worker for execution history cache (C:\Users\Marwa\.gradle\caches\7.2\executionHistory)" [_thread_blocked, id=10976, stack(0x000000b308100000,0x000000b308200000)]
  0x00000263f82a9800 JavaThread "Cache worker for file content cache (C:\Users\Marwa\.gradle\caches\7.2\fileContent)" [_thread_blocked, id=5340, stack(0x000000b308200000,0x000000b308300000)]
  0x00000263f5728000 JavaThread "Memory manager" [_thread_blocked, id=14588, stack(0x000000b30d500000,0x000000b30d600000)]
  0x00000263f572d000 JavaThread "pool-3-thread-1" [_thread_blocked, id=8812, stack(0x000000b30d600000,0x000000b30d700000)]
  0x00000263f5729000 JavaThread "Handler for socket connection from /127.0.0.1:54247 to /127.0.0.1:54261" [_thread_in_native, id=4740, stack(0x000000b306500000,0x000000b306600000)]
  0x00000263f572f800 JavaThread "Cancel handler" [_thread_blocked, id=13372, stack(0x000000b306600000,0x000000b306700000)]
  0x00000263f5730800 JavaThread "Asynchronous log dispatcher for DefaultDaemonConnection: socket connection from /127.0.0.1:54247 to /127.0.0.1:54261" [_thread_blocked, id=8944, stack(0x000000b306700000,0x000000b306800000)]
  0x00000263f572a800 JavaThread "Stdin handler" [_thread_blocked, id=14676, stack(0x000000b307100000,0x000000b307200000)]
  0x00000263f5731000 JavaThread "Daemon client event forwarder" [_thread_blocked, id=8340, stack(0x000000b307200000,0x000000b307300000)]
  0x00000263f572b800 JavaThread "Cache worker for file hash cache (C:\Users\Marwa\OneDrive\Bureau\tuto\dev_mobile\ExpertMaintenance2\.gradle\7.2\fileHashes)" [_thread_blocked, id=14964, stack(0x000000b307300000,0x000000b307400000)]
  0x00000263f5733000 JavaThread "Cache worker for checksums cache (C:\Users\Marwa\OneDrive\Bureau\tuto\dev_mobile\ExpertMaintenance2\.gradle\checksums)" [_thread_blocked, id=2756, stack(0x000000b308000000,0x000000b308100000)]
  0x00000263f5734800 JavaThread "Cache worker for cache directory md-supplier (C:\Users\Marwa\.gradle\caches\7.2\md-supplier)" [_thread_blocked, id=8360, stack(0x000000b308300000,0x000000b308400000)]
  0x00000263f5732000 JavaThread "Cache worker for cache directory md-rule (C:\Users\Marwa\.gradle\caches\7.2\md-rule)" [_thread_blocked, id=12152, stack(0x000000b308400000,0x000000b308500000)]
  0x00000263f5736000 JavaThread "Cache worker for dependencies-accessors (C:\Users\Marwa\OneDrive\Bureau\tuto\dev_mobile\ExpertMaintenance2\.gradle\7.2\dependencies-accessors)" [_thread_blocked, id=11788, stack(0x000000b308500000,0x000000b308600000)]
  0x00000263f5733800 JavaThread "Cache worker for Build Output Cleanup Cache (C:\Users\Marwa\OneDrive\Bureau\tuto\dev_mobile\ExpertMaintenance2\.gradle\buildOutputCleanup)" [_thread_blocked, id=15112, stack(0x000000b308600000,0x000000b308700000)]
  0x00000263f5737000 JavaThread "Unconstrained build operations" [_thread_blocked, id=2140, stack(0x000000b308700000,0x000000b308800000)]
  0x00000263f5735000 JavaThread "Unconstrained build operations Thread 2" [_thread_blocked, id=10376, stack(0x000000b308800000,0x000000b308900000)]
  0x00000263f82a7000 JavaThread "Unconstrained build operations Thread 3" [_thread_blocked, id=6236, stack(0x000000b308900000,0x000000b308a00000)]
  0x00000263f82a1000 JavaThread "Unconstrained build operations Thread 4" [_thread_blocked, id=1284, stack(0x000000b308a00000,0x000000b308b00000)]
  0x00000263f82ab800 JavaThread "Unconstrained build operations Thread 5" [_thread_blocked, id=12004, stack(0x000000b308b00000,0x000000b308c00000)]
  0x00000263f82ad800 JavaThread "Unconstrained build operations Thread 6" [_thread_blocked, id=4368, stack(0x000000b308c00000,0x000000b308d00000)]
  0x00000263f82ae000 JavaThread "Unconstrained build operations Thread 7" [_thread_blocked, id=10084, stack(0x000000b308d00000,0x000000b308e00000)]
  0x00000263f82a8800 JavaThread "Unconstrained build operations Thread 8" [_thread_blocked, id=9760, stack(0x000000b308e00000,0x000000b308f00000)]
  0x00000263f82ac800 JavaThread "Unconstrained build operations Thread 9" [_thread_blocked, id=4356, stack(0x000000b308f00000,0x000000b309000000)]
  0x00000263f82af000 JavaThread "Unconstrained build operations Thread 10" [_thread_blocked, id=14016, stack(0x000000b309000000,0x000000b309100000)]
  0x00000263f84a6800 JavaThread "Unconstrained build operations Thread 11" [_thread_blocked, id=6540, stack(0x000000b309100000,0x000000b309200000)]
  0x00000263fe5ef800 JavaThread "Unconstrained build operations Thread 12" [_thread_blocked, id=15288, stack(0x000000b309200000,0x000000b309300000)]
  0x00000263fe5f0800 JavaThread "Unconstrained build operations Thread 13" [_thread_blocked, id=1800, stack(0x000000b309300000,0x000000b309400000)]
  0x00000263fe5f3800 JavaThread "Unconstrained build operations Thread 14" [_thread_blocked, id=12248, stack(0x000000b309400000,0x000000b309500000)]
  0x00000263fe5f1000 JavaThread "Unconstrained build operations Thread 15" [_thread_blocked, id=15152, stack(0x000000b309500000,0x000000b309600000)]
  0x00000263fe5f2000 JavaThread "Unconstrained build operations Thread 16" [_thread_blocked, id=8204, stack(0x000000b309600000,0x000000b309700000)]
  0x00000263fe5f3000 JavaThread "Unconstrained build operations Thread 17" [_thread_blocked, id=7132, stack(0x000000b309700000,0x000000b309800000)]
  0x00000263fe5ee800 JavaThread "Unconstrained build operations Thread 18" [_thread_blocked, id=7408, stack(0x000000b309800000,0x000000b309900000)]
  0x00000263fe5f4800 JavaThread "Unconstrained build operations Thread 19" [_thread_blocked, id=13292, stack(0x000000b309900000,0x000000b309a00000)]
  0x00000263fe5f9800 JavaThread "Unconstrained build operations Thread 20" [_thread_blocked, id=1480, stack(0x000000b309a00000,0x000000b309b00000)]
  0x00000263fe5f5000 JavaThread "Unconstrained build operations Thread 21" [_thread_blocked, id=6528, stack(0x000000b309b00000,0x000000b309c00000)]
  0x00000263fe5fb800 JavaThread "Unconstrained build operations Thread 22" [_thread_blocked, id=11640, stack(0x000000b309c00000,0x000000b309d00000)]
  0x00000263fe5f7000 JavaThread "Unconstrained build operations Thread 23" [_thread_blocked, id=7736, stack(0x000000b309d00000,0x000000b309e00000)]
  0x00000263fe5f8800 JavaThread "Unconstrained build operations Thread 24" [_thread_blocked, id=14284, stack(0x000000b309e00000,0x000000b309f00000)]
  0x00000263fe5fa000 JavaThread "Unconstrained build operations Thread 25" [_thread_blocked, id=9812, stack(0x000000b309f00000,0x000000b30a000000)]
  0x00000263fe5f6000 JavaThread "Unconstrained build operations Thread 26" [_thread_blocked, id=11548, stack(0x000000b30a000000,0x000000b30a100000)]
  0x00000263fe5fc800 JavaThread "Unconstrained build operations Thread 27" [_thread_blocked, id=9548, stack(0x000000b30a100000,0x000000b30a200000)]
  0x00000263fe5fd800 JavaThread "Unconstrained build operations Thread 28" [_thread_blocked, id=6864, stack(0x000000b30a200000,0x000000b30a300000)]
  0x00000263fe5fb000 JavaThread "Unconstrained build operations Thread 29" [_thread_blocked, id=5532, stack(0x000000b30a300000,0x000000b30a400000)]
  0x00000263fe5f7800 JavaThread "Unconstrained build operations Thread 30" [_thread_blocked, id=7044, stack(0x000000b30a400000,0x000000b30a500000)]
  0x00000263fae29000 JavaThread "Unconstrained build operations Thread 31" [_thread_blocked, id=4180, stack(0x000000b30a500000,0x000000b30a600000)]
  0x00000263fae2a000 JavaThread "Unconstrained build operations Thread 32" [_thread_blocked, id=11664, stack(0x000000b30a600000,0x000000b30a700000)]
  0x00000263fae2a800 JavaThread "Unconstrained build operations Thread 33" [_thread_blocked, id=14416, stack(0x000000b30a700000,0x000000b30a800000)]
  0x00000263fae28000 JavaThread "Unconstrained build operations Thread 34" [_thread_blocked, id=608, stack(0x000000b30a800000,0x000000b30a900000)]
  0x00000263fae2b800 JavaThread "Unconstrained build operations Thread 35" [_thread_blocked, id=6056, stack(0x000000b30a900000,0x000000b30aa00000)]
  0x00000263fae2c000 JavaThread "Unconstrained build operations Thread 36" [_thread_blocked, id=7500, stack(0x000000b30aa00000,0x000000b30ab00000)]
  0x00000263fae2d000 JavaThread "Unconstrained build operations Thread 37" [_thread_blocked, id=14488, stack(0x000000b30ab00000,0x000000b30ac00000)]
  0x00000263fae27800 JavaThread "Unconstrained build operations Thread 38" [_thread_blocked, id=14448, stack(0x000000b30ac00000,0x000000b30ad00000)]
  0x00000263fae2e000 JavaThread "Unconstrained build operations Thread 39" [_thread_blocked, id=12208, stack(0x000000b30ad00000,0x000000b30ae00000)]
  0x00000263fbbeb800 JavaThread "Unconstrained build operations Thread 40" [_thread_blocked, id=8280, stack(0x000000b30ae00000,0x000000b30af00000)]
  0x00000263fbbec800 JavaThread "Unconstrained build operations Thread 41" [_thread_blocked, id=7996, stack(0x000000b30af00000,0x000000b30b000000)]
  0x00000263fbbee000 JavaThread "Unconstrained build operations Thread 42" [_thread_blocked, id=6224, stack(0x000000b30b000000,0x000000b30b100000)]
  0x00000263fbbed000 JavaThread "Unconstrained build operations Thread 43" [_thread_blocked, id=13812, stack(0x000000b30b100000,0x000000b30b200000)]
  0x00000263fbbea000 JavaThread "Unconstrained build operations Thread 44" [_thread_blocked, id=4336, stack(0x000000b30b200000,0x000000b30b300000)]
  0x00000263fbbea800 JavaThread "Unconstrained build operations Thread 45" [_thread_blocked, id=14724, stack(0x000000b30b300000,0x000000b30b400000)]
  0x00000263fbbee800 JavaThread "Unconstrained build operations Thread 46" [_thread_blocked, id=6516, stack(0x000000b30b400000,0x000000b30b500000)]
  0x00000263fbbe9000 JavaThread "Unconstrained build operations Thread 47" [_thread_blocked, id=14372, stack(0x000000b30b500000,0x000000b30b600000)]
  0x00000263fbbf3800 JavaThread "Unconstrained build operations Thread 48" [_thread_blocked, id=3720, stack(0x000000b30b600000,0x000000b30b700000)]
  0x00000263fbbf2000 JavaThread "Unconstrained build operations Thread 49" [_thread_blocked, id=13364, stack(0x000000b30b700000,0x000000b30b800000)]
  0x00000263fbbf1000 JavaThread "Unconstrained build operations Thread 50" [_thread_blocked, id=12552, stack(0x000000b30b800000,0x000000b30b900000)]
  0x00000263fbbef800 JavaThread "Unconstrained build operations Thread 51" [_thread_blocked, id=13344, stack(0x000000b30b900000,0x000000b30ba00000)]
  0x00000263fbbf0800 JavaThread "Unconstrained build operations Thread 52" [_thread_blocked, id=9796, stack(0x000000b30ba00000,0x000000b30bb00000)]
  0x00000263fbbf6000 JavaThread "Unconstrained build operations Thread 53" [_thread_blocked, id=9212, stack(0x000000b30bb00000,0x000000b30bc00000)]
  0x00000263fbbf4800 JavaThread "Unconstrained build operations Thread 54" [_thread_blocked, id=5448, stack(0x000000b30bc00000,0x000000b30bd00000)]
  0x00000263fbbf5000 JavaThread "Unconstrained build operations Thread 55" [_thread_blocked, id=11064, stack(0x000000b30bd00000,0x000000b30be00000)]
  0x00000263fbbf7000 JavaThread "Unconstrained build operations Thread 56" [_thread_blocked, id=3268, stack(0x000000b30be00000,0x000000b30bf00000)]
  0x00000263fbbf7800 JavaThread "Unconstrained build operations Thread 57" [_thread_blocked, id=2680, stack(0x000000b30bf00000,0x000000b30c000000)]
  0x00000263fbbf3000 JavaThread "Unconstrained build operations Thread 58" [_thread_blocked, id=12504, stack(0x000000b30c000000,0x000000b30c100000)]
  0x00000263f7fe6800 JavaThread "Unconstrained build operations Thread 59" [_thread_blocked, id=14800, stack(0x000000b30c100000,0x000000b30c200000)]
  0x00000263f7fea000 JavaThread "Unconstrained build operations Thread 60" [_thread_blocked, id=732, stack(0x000000b30c200000,0x000000b30c300000)]
  0x00000263f7fe7800 JavaThread "Unconstrained build operations Thread 61" [_thread_blocked, id=10840, stack(0x000000b30c300000,0x000000b30c400000)]
  0x00000263f7fe8000 JavaThread "Unconstrained build operations Thread 62" [_thread_blocked, id=8364, stack(0x000000b30c400000,0x000000b30c500000)]
  0x00000263f7fea800 JavaThread "Unconstrained build operations Thread 63" [_thread_blocked, id=12632, stack(0x000000b30c500000,0x000000b30c600000)]
  0x00000263f7fe9000 JavaThread "Unconstrained build operations Thread 64" [_thread_blocked, id=7404, stack(0x000000b30c600000,0x000000b30c700000)]
  0x00000263f7fee000 JavaThread "Unconstrained build operations Thread 65" [_thread_blocked, id=1340, stack(0x000000b30c700000,0x000000b30c800000)]
  0x00000263f7fef800 JavaThread "Unconstrained build operations Thread 66" [_thread_blocked, id=5596, stack(0x000000b30c800000,0x000000b30c900000)]
  0x00000263f7ff0800 JavaThread "Unconstrained build operations Thread 67" [_thread_blocked, id=6800, stack(0x000000b30c900000,0x000000b30ca00000)]
  0x00000263f7fec800 JavaThread "Unconstrained build operations Thread 68" [_thread_blocked, id=11304, stack(0x000000b30ca00000,0x000000b30cb00000)]
  0x00000263f7ff1000 JavaThread "Unconstrained build operations Thread 69" [_thread_blocked, id=13108, stack(0x000000b30cb00000,0x000000b30cc00000)]
  0x00000263f7fee800 JavaThread "Unconstrained build operations Thread 70" [_thread_blocked, id=8468, stack(0x000000b30cc00000,0x000000b30cd00000)]
  0x00000263f7feb800 JavaThread "Unconstrained build operations Thread 71" [_thread_blocked, id=13324, stack(0x000000b30cd00000,0x000000b30ce00000)]
  0x00000263f7ff2000 JavaThread "Unconstrained build operations Thread 72" [_thread_blocked, id=652, stack(0x000000b30ce00000,0x000000b30cf00000)]
  0x00000263f7ff3000 JavaThread "Unconstrained build operations Thread 73" [_thread_blocked, id=6336, stack(0x000000b30cf00000,0x000000b30d000000)]
  0x00000263f7fed000 JavaThread "Unconstrained build operations Thread 74" [_thread_blocked, id=15192, stack(0x000000b30d000000,0x000000b30d100000)]
  0x00000263f7ff3800 JavaThread "Unconstrained build operations Thread 75" [_thread_blocked, id=13744, stack(0x000000b30d100000,0x000000b30d200000)]
  0x00000263f7ff5000 JavaThread "Unconstrained build operations Thread 76" [_thread_blocked, id=1568, stack(0x000000b30d200000,0x000000b30d300000)]
  0x00000263f7ff4800 JavaThread "Unconstrained build operations Thread 77" [_thread_blocked, id=1756, stack(0x000000b30d300000,0x000000b30d400000)]
  0x00000263fb16f000 JavaThread "Unconstrained build operations Thread 78" [_thread_blocked, id=7332, stack(0x000000b30d400000,0x000000b30d500000)]
  0x00000263fb170000 JavaThread "Unconstrained build operations Thread 79" [_thread_blocked, id=13656, stack(0x000000b30d700000,0x000000b30d800000)]
  0x00000263fb16d800 JavaThread "Unconstrained build operations Thread 80" [_thread_blocked, id=12528, stack(0x000000b30d800000,0x000000b30d900000)]
  0x00000263fb16c000 JavaThread "pool-6-thread-1" [_thread_blocked, id=13940, stack(0x000000b30d900000,0x000000b30da00000)]
  0x00000263fb176800 JavaThread "Cache worker for execution history cache (C:\Users\Marwa\OneDrive\Bureau\tuto\dev_mobile\ExpertMaintenance2\.gradle\7.2\executionHistory)" [_thread_blocked, id=5656, stack(0x000000b30e100000,0x000000b30e200000)]
  0x00000263fa5a1000 JavaThread "C2 CompilerThread1" daemon [_thread_in_native, id=13184, stack(0x000000b307e00000,0x000000b307f00000)]
=>0x00000263fa5a3000 JavaThread "C2 CompilerThread2" daemon [_thread_in_native, id=12240, stack(0x000000b307f00000,0x000000b308000000)]

Other Threads:
  0x00000263f498f800 VMThread "VM Thread" [stack: 0x000000b305100000,0x000000b305200000] [id=7480]
  0x00000263f54b5800 WatcherThread [stack: 0x000000b305b00000,0x000000b305c00000] [id=2412]
  0x00000263da518800 GCTaskThread "GC Thread#0" [stack: 0x000000b304c00000,0x000000b304d00000] [id=6716]
  0x00000263f57fc000 GCTaskThread "GC Thread#1" [stack: 0x000000b305d00000,0x000000b305e00000] [id=15336]
  0x00000263f663a800 GCTaskThread "GC Thread#2" [stack: 0x000000b305e00000,0x000000b305f00000] [id=14476]
  0x00000263f63e1000 GCTaskThread "GC Thread#3" [stack: 0x000000b306800000,0x000000b306900000] [id=8896]
  0x00000263f76d4800 GCTaskThread "GC Thread#4" [stack: 0x000000b306900000,0x000000b306a00000] [id=6672]
  0x00000263f7c37000 GCTaskThread "GC Thread#5" [stack: 0x000000b306a00000,0x000000b306b00000] [id=11824]
  0x00000263f7b13800 GCTaskThread "GC Thread#6" [stack: 0x000000b306b00000,0x000000b306c00000] [id=9036]
  0x00000263f7843000 GCTaskThread "GC Thread#7" [stack: 0x000000b306c00000,0x000000b306d00000] [id=14188]
  0x00000263da548000 ConcurrentGCThread "G1 Main Marker" [stack: 0x000000b304d00000,0x000000b304e00000] [id=12304]
  0x00000263da54b000 ConcurrentGCThread "G1 Conc#0" [stack: 0x000000b304e00000,0x000000b304f00000] [id=7068]
  0x00000263f79b4800 ConcurrentGCThread "G1 Conc#1" [stack: 0x000000b307000000,0x000000b307100000] [id=7076]
  0x00000263f47e0800 ConcurrentGCThread "G1 Refine#0" [stack: 0x000000b304f00000,0x000000b305000000] [id=11852]
  0x00000263f47e1800 ConcurrentGCThread "G1 Young RemSet Sampling" [stack: 0x000000b305000000,0x000000b305100000] [id=5276]

Threads with active compile tasks:
C2 CompilerThread0  49550 14714       4       org.gradle.tooling.internal.adapter.ProtocolToModelAdapter$SafeMethodInvoker::invoke (118 bytes)
C2 CompilerThread1  49550 14708       4       org.gradle.tooling.internal.adapter.ProtocolToModelAdapter$InvocationHandlerImpl::invoke (176 bytes)
C2 CompilerThread2  49550 14713       4       org.gradle.tooling.internal.adapter.ProtocolToModelAdapter$SupportedPropertyInvoker::invoke (154 bytes)

VM state:not at safepoint (normal execution)

VM Mutex/Monitor currently owned by a thread: None

Heap address: 0x0000000080000000, size: 2048 MB, Compressed Oops mode: 32-bit
Narrow klass base: 0x0000000000000000, Narrow klass shift: 3
Compressed class space size: 1073741824 Address: 0x0000000100000000

Heap:
 garbage-first heap   total 270336K, used 222687K [0x0000000080000000, 0x0000000100000000)
  region size 1024K, 48 young (49152K), 5 survivors (5120K)
 Metaspace       used 118641K, capacity 121946K, committed 122184K, reserved 1155072K
  class space    used 14854K, capacity 16050K, committed 16128K, reserved 1048576K
Heap Regions: E=young(eden), S=young(survivor), O=old, HS=humongous(starts), HC=humongous(continues), CS=collection set, F=free, A=archive, TAMS=top-at-mark-start (previous, next)
|   0|0x0000000080000000, 0x0000000080100000, 0x0000000080100000|100%| O|  |TAMS 0x0000000080100000, 0x0000000080000000| Complete 
|   1|0x0000000080100000, 0x0000000080200000, 0x0000000080200000|100%| O|  |TAMS 0x0000000080200000, 0x0000000080100000| Untracked 
|   2|0x0000000080200000, 0x0000000080300000, 0x0000000080300000|100%| O|  |TAMS 0x0000000080300000, 0x0000000080200000| Complete 
|   3|0x0000000080300000, 0x0000000080400000, 0x0000000080400000|100%|HS|  |TAMS 0x0000000080400000, 0x0000000080300000| Complete 
|   4|0x0000000080400000, 0x0000000080500000, 0x0000000080500000|100%|HC|  |TAMS 0x0000000080500000, 0x0000000080400000| Complete 
|   5|0x0000000080500000, 0x0000000080600000, 0x0000000080600000|100%|HC|  |TAMS 0x0000000080600000, 0x0000000080500000| Complete 
|   6|0x0000000080600000, 0x0000000080700000, 0x0000000080700000|100%| O|  |TAMS 0x0000000080700000, 0x0000000080600000| Untracked 
|   7|0x0000000080700000, 0x0000000080800000, 0x0000000080800000|100%| O|  |TAMS 0x0000000080800000, 0x0000000080700000| Untracked 
|   8|0x0000000080800000, 0x0000000080900000, 0x0000000080900000|100%| O|  |TAMS 0x0000000080900000, 0x0000000080800000| Untracked 
|   9|0x0000000080900000, 0x0000000080a00000, 0x0000000080a00000|100%| O|  |TAMS 0x0000000080a00000, 0x0000000080900000| Untracked 
|  10|0x0000000080a00000, 0x0000000080b00000, 0x0000000080b00000|100%| O|  |TAMS 0x0000000080b00000, 0x0000000080a00000| Untracked 
|  11|0x0000000080b00000, 0x0000000080c00000, 0x0000000080c00000|100%| O|  |TAMS 0x0000000080c00000, 0x0000000080b00000| Untracked 
|  12|0x0000000080c00000, 0x0000000080d00000, 0x0000000080d00000|100%| O|  |TAMS 0x0000000080d00000, 0x0000000080c00000| Untracked 
|  13|0x0000000080d00000, 0x0000000080e00000, 0x0000000080e00000|100%| O|  |TAMS 0x0000000080e00000, 0x0000000080d00000| Untracked 
|  14|0x0000000080e00000, 0x0000000080f00000, 0x0000000080f00000|100%| O|  |TAMS 0x0000000080f00000, 0x0000000080e00000| Untracked 
|  15|0x0000000080f00000, 0x0000000081000000, 0x0000000081000000|100%| O|  |TAMS 0x0000000081000000, 0x0000000080f00000| Untracked 
|  16|0x0000000081000000, 0x0000000081100000, 0x0000000081100000|100%| O|  |TAMS 0x0000000081100000, 0x0000000081000000| Untracked 
|  17|0x0000000081100000, 0x0000000081200000, 0x0000000081200000|100%|HS|  |TAMS 0x0000000081200000, 0x0000000081100000| Complete 
|  18|0x0000000081200000, 0x0000000081300000, 0x0000000081300000|100%|HC|  |TAMS 0x0000000081300000, 0x0000000081200000| Complete 
|  19|0x0000000081300000, 0x0000000081400000, 0x0000000081400000|100%|HS|  |TAMS 0x0000000081400000, 0x0000000081300000| Complete 
|  20|0x0000000081400000, 0x0000000081500000, 0x0000000081500000|100%|HC|  |TAMS 0x0000000081500000, 0x0000000081400000| Complete 
|  21|0x0000000081500000, 0x0000000081600000, 0x0000000081600000|100%|HC|  |TAMS 0x0000000081600000, 0x0000000081500000| Complete 
|  22|0x0000000081600000, 0x0000000081700000, 0x0000000081700000|100%|HS|  |TAMS 0x0000000081700000, 0x0000000081600000| Complete 
|  23|0x0000000081700000, 0x0000000081800000, 0x0000000081800000|100%|HC|  |TAMS 0x0000000081800000, 0x0000000081700000| Complete 
|  24|0x0000000081800000, 0x0000000081900000, 0x0000000081900000|100%|HC|  |TAMS 0x0000000081900000, 0x0000000081800000| Complete 
|  25|0x0000000081900000, 0x0000000081a00000, 0x0000000081a00000|100%|HC|  |TAMS 0x0000000081a00000, 0x0000000081900000| Complete 
|  26|0x0000000081a00000, 0x0000000081b00000, 0x0000000081b00000|100%|HC|  |TAMS 0x0000000081b00000, 0x0000000081a00000| Complete 
|  27|0x0000000081b00000, 0x0000000081c00000, 0x0000000081c00000|100%|HS|  |TAMS 0x0000000081c00000, 0x0000000081b00000| Complete 
|  28|0x0000000081c00000, 0x0000000081d00000, 0x0000000081d00000|100%|HC|  |TAMS 0x0000000081d00000, 0x0000000081c00000| Complete 
|  29|0x0000000081d00000, 0x0000000081e00000, 0x0000000081e00000|100%|HC|  |TAMS 0x0000000081e00000, 0x0000000081d00000| Complete 
|  30|0x0000000081e00000, 0x0000000081f00000, 0x0000000081f00000|100%|HS|  |TAMS 0x0000000081f00000, 0x0000000081e00000| Complete 
|  31|0x0000000081f00000, 0x0000000082000000, 0x0000000082000000|100%| O|  |TAMS 0x0000000082000000, 0x0000000081f00000| Complete 
|  32|0x0000000082000000, 0x0000000082100000, 0x0000000082100000|100%| O|  |TAMS 0x0000000082100000, 0x0000000082000000| Complete 
|  33|0x0000000082100000, 0x0000000082200000, 0x0000000082200000|100%| O|  |TAMS 0x0000000082200000, 0x0000000082100000| Untracked 
|  34|0x0000000082200000, 0x0000000082300000, 0x0000000082300000|100%| O|  |TAMS 0x0000000082300000, 0x0000000082200000| Complete 
|  35|0x0000000082300000, 0x0000000082400000, 0x0000000082400000|100%| O|  |TAMS 0x0000000082400000, 0x0000000082300000| Untracked 
|  36|0x0000000082400000, 0x0000000082500000, 0x0000000082500000|100%| O|  |TAMS 0x0000000082500000, 0x0000000082400000| Complete 
|  37|0x0000000082500000, 0x0000000082600000, 0x0000000082600000|100%| O|  |TAMS 0x0000000082600000, 0x0000000082500000| Untracked 
|  38|0x0000000082600000, 0x0000000082700000, 0x0000000082700000|100%| O|  |TAMS 0x0000000082700000, 0x0000000082600000| Complete 
|  39|0x0000000082700000, 0x0000000082800000, 0x0000000082800000|100%| O|  |TAMS 0x0000000082800000, 0x0000000082700000| Untracked 
|  40|0x0000000082800000, 0x0000000082900000, 0x0000000082900000|100%| O|  |TAMS 0x0000000082900000, 0x0000000082800000| Untracked 
|  41|0x0000000082900000, 0x0000000082a00000, 0x0000000082a00000|100%| O|  |TAMS 0x0000000082a00000, 0x0000000082900000| Untracked 
|  42|0x0000000082a00000, 0x0000000082b00000, 0x0000000082b00000|100%| O|  |TAMS 0x0000000082b00000, 0x0000000082a00000| Untracked 
|  43|0x0000000082b00000, 0x0000000082c00000, 0x0000000082c00000|100%| O|  |TAMS 0x0000000082c00000, 0x0000000082b00000| Untracked 
|  44|0x0000000082c00000, 0x0000000082d00000, 0x0000000082d00000|100%| O|  |TAMS 0x0000000082d00000, 0x0000000082c00000| Complete 
|  45|0x0000000082d00000, 0x0000000082e00000, 0x0000000082e00000|100%|HS|  |TAMS 0x0000000082e00000, 0x0000000082d00000| Complete 
|  46|0x0000000082e00000, 0x0000000082f00000, 0x0000000082f00000|100%|HC|  |TAMS 0x0000000082f00000, 0x0000000082e00000| Complete 
|  47|0x0000000082f00000, 0x0000000083000000, 0x0000000083000000|100%|HC|  |TAMS 0x0000000083000000, 0x0000000082f00000| Complete 
|  48|0x0000000083000000, 0x0000000083100000, 0x0000000083100000|100%|HS|  |TAMS 0x0000000083100000, 0x0000000083000000| Complete 
|  49|0x0000000083100000, 0x0000000083200000, 0x0000000083200000|100%|HC|  |TAMS 0x0000000083200000, 0x0000000083100000| Complete 
|  50|0x0000000083200000, 0x0000000083300000, 0x0000000083300000|100%|HS|  |TAMS 0x0000000083300000, 0x0000000083200000| Complete 
|  51|0x0000000083300000, 0x0000000083400000, 0x0000000083400000|100%|HC|  |TAMS 0x0000000083400000, 0x0000000083300000| Complete 
|  52|0x0000000083400000, 0x0000000083500000, 0x0000000083500000|100%|HC|  |TAMS 0x0000000083500000, 0x0000000083400000| Complete 
|  53|0x0000000083500000, 0x0000000083600000, 0x0000000083600000|100%|HS|  |TAMS 0x0000000083600000, 0x0000000083500000| Complete 
|  54|0x0000000083600000, 0x0000000083700000, 0x0000000083700000|100%|HC|  |TAMS 0x0000000083700000, 0x0000000083600000| Complete 
|  55|0x0000000083700000, 0x0000000083800000, 0x0000000083800000|100%|HC|  |TAMS 0x0000000083800000, 0x0000000083700000| Complete 
|  56|0x0000000083800000, 0x0000000083900000, 0x0000000083900000|100%|HC|  |TAMS 0x0000000083900000, 0x0000000083800000| Complete 
|  57|0x0000000083900000, 0x0000000083a00000, 0x0000000083a00000|100%| O|  |TAMS 0x0000000083a00000, 0x0000000083900000| Untracked 
|  58|0x0000000083a00000, 0x0000000083b00000, 0x0000000083b00000|100%| O|  |TAMS 0x0000000083b00000, 0x0000000083a00000| Complete 
|  59|0x0000000083b00000, 0x0000000083c00000, 0x0000000083c00000|100%| O|  |TAMS 0x0000000083c00000, 0x0000000083b00000| Untracked 
|  60|0x0000000083c00000, 0x0000000083d00000, 0x0000000083d00000|100%| O|  |TAMS 0x0000000083d00000, 0x0000000083c00000| Untracked 
|  61|0x0000000083d00000, 0x0000000083e00000, 0x0000000083e00000|100%| O|  |TAMS 0x0000000083e00000, 0x0000000083d00000| Untracked 
|  62|0x0000000083e00000, 0x0000000083f00000, 0x0000000083f00000|100%| O|  |TAMS 0x0000000083f00000, 0x0000000083e00000| Untracked 
|  63|0x0000000083f00000, 0x0000000084000000, 0x0000000084000000|100%| O|  |TAMS 0x0000000084000000, 0x0000000083f00000| Untracked 
|  64|0x0000000084000000, 0x0000000084100000, 0x0000000084100000|100%| O|  |TAMS 0x0000000084100000, 0x0000000084000000| Untracked 
|  65|0x0000000084100000, 0x0000000084200000, 0x0000000084200000|100%|HS|  |TAMS 0x0000000084200000, 0x0000000084100000| Complete 
|  66|0x0000000084200000, 0x0000000084300000, 0x0000000084300000|100%|HC|  |TAMS 0x0000000084300000, 0x0000000084200000| Complete 
|  67|0x0000000084300000, 0x0000000084400000, 0x0000000084400000|100%|HC|  |TAMS 0x0000000084400000, 0x0000000084300000| Complete 
|  68|0x0000000084400000, 0x0000000084500000, 0x0000000084500000|100%|HC|  |TAMS 0x0000000084500000, 0x0000000084400000| Complete 
|  69|0x0000000084500000, 0x0000000084600000, 0x0000000084600000|100%|HC|  |TAMS 0x0000000084600000, 0x0000000084500000| Complete 
|  70|0x0000000084600000, 0x0000000084700000, 0x0000000084700000|100%| O|  |TAMS 0x0000000084700000, 0x0000000084600000| Untracked 
|  71|0x0000000084700000, 0x0000000084800000, 0x0000000084800000|100%| O|  |TAMS 0x0000000084800000, 0x0000000084700000| Untracked 
|  72|0x0000000084800000, 0x0000000084900000, 0x0000000084900000|100%| O|  |TAMS 0x0000000084900000, 0x0000000084800000| Untracked 
|  73|0x0000000084900000, 0x0000000084a00000, 0x0000000084a00000|100%| O|  |TAMS 0x0000000084a00000, 0x0000000084900000| Untracked 
|  74|0x0000000084a00000, 0x0000000084b00000, 0x0000000084b00000|100%| O|  |TAMS 0x0000000084b00000, 0x0000000084a00000| Complete 
|  75|0x0000000084b00000, 0x0000000084c00000, 0x0000000084c00000|100%|HS|  |TAMS 0x0000000084c00000, 0x0000000084b00000| Complete 
|  76|0x0000000084c00000, 0x0000000084d00000, 0x0000000084d00000|100%|HS|  |TAMS 0x0000000084d00000, 0x0000000084c00000| Complete 
|  77|0x0000000084d00000, 0x0000000084e00000, 0x0000000084e00000|100%|HS|  |TAMS 0x0000000084e00000, 0x0000000084d00000| Complete 
|  78|0x0000000084e00000, 0x0000000084f00000, 0x0000000084f00000|100%|HS|  |TAMS 0x0000000084f00000, 0x0000000084e00000| Complete 
|  79|0x0000000084f00000, 0x0000000085000000, 0x0000000085000000|100%|HC|  |TAMS 0x0000000085000000, 0x0000000084f00000| Complete 
|  80|0x0000000085000000, 0x0000000085100000, 0x0000000085100000|100%| O|  |TAMS 0x0000000085100000, 0x0000000085000000| Complete 
|  81|0x0000000085100000, 0x0000000085200000, 0x0000000085200000|100%| O|  |TAMS 0x0000000085200000, 0x0000000085100000| Complete 
|  82|0x0000000085200000, 0x0000000085300000, 0x0000000085300000|100%| O|  |TAMS 0x0000000085300000, 0x0000000085200000| Complete 
|  83|0x0000000085300000, 0x0000000085400000, 0x0000000085400000|100%| O|  |TAMS 0x0000000085400000, 0x0000000085300000| Complete 
|  84|0x0000000085400000, 0x0000000085500000, 0x0000000085500000|100%| O|  |TAMS 0x0000000085500000, 0x0000000085400000| Untracked 
|  85|0x0000000085500000, 0x0000000085600000, 0x0000000085600000|100%| O|  |TAMS 0x0000000085600000, 0x0000000085500000| Complete 
|  86|0x0000000085600000, 0x0000000085700000, 0x0000000085700000|100%| O|  |TAMS 0x0000000085700000, 0x0000000085600000| Untracked 
|  87|0x0000000085700000, 0x0000000085800000, 0x0000000085800000|100%| O|  |TAMS 0x0000000085800000, 0x0000000085700000| Untracked 
|  88|0x0000000085800000, 0x0000000085900000, 0x0000000085900000|100%| O|  |TAMS 0x0000000085900000, 0x0000000085800000| Complete 
|  89|0x0000000085900000, 0x0000000085a00000, 0x0000000085a00000|100%| O|  |TAMS 0x0000000085a00000, 0x0000000085900000| Complete 
|  90|0x0000000085a00000, 0x0000000085b00000, 0x0000000085b00000|100%| O|  |TAMS 0x0000000085b00000, 0x0000000085a00000| Complete 
|  91|0x0000000085b00000, 0x0000000085c00000, 0x0000000085c00000|100%| O|  |TAMS 0x0000000085c00000, 0x0000000085b00000| Complete 
|  92|0x0000000085c00000, 0x0000000085d00000, 0x0000000085d00000|100%| O|  |TAMS 0x0000000085d00000, 0x0000000085c00000| Untracked 
|  93|0x0000000085d00000, 0x0000000085e00000, 0x0000000085e00000|100%| O|  |TAMS 0x0000000085e00000, 0x0000000085d00000| Untracked 
|  94|0x0000000085e00000, 0x0000000085f00000, 0x0000000085f00000|100%| O|  |TAMS 0x0000000085f00000, 0x0000000085e00000| Untracked 
|  95|0x0000000085f00000, 0x0000000086000000, 0x0000000086000000|100%| O|  |TAMS 0x0000000086000000, 0x0000000085f00000| Complete 
|  96|0x0000000086000000, 0x0000000086100000, 0x0000000086100000|100%| O|  |TAMS 0x0000000086100000, 0x0000000086000000| Untracked 
|  97|0x0000000086100000, 0x0000000086200000, 0x0000000086200000|100%| O|  |TAMS 0x0000000086200000, 0x0000000086100000| Untracked 
|  98|0x0000000086200000, 0x0000000086300000, 0x0000000086300000|100%| O|  |TAMS 0x0000000086300000, 0x0000000086200000| Untracked 
|  99|0x0000000086300000, 0x0000000086400000, 0x0000000086400000|100%| O|  |TAMS 0x0000000086400000, 0x0000000086300000| Untracked 
| 100|0x0000000086400000, 0x0000000086500000, 0x0000000086500000|100%| O|  |TAMS 0x0000000086500000, 0x0000000086400000| Complete 
| 101|0x0000000086500000, 0x0000000086600000, 0x0000000086600000|100%|HS|  |TAMS 0x0000000086600000, 0x0000000086500000| Complete 
| 102|0x0000000086600000, 0x0000000086700000, 0x0000000086700000|100%|HC|  |TAMS 0x0000000086700000, 0x0000000086600000| Complete 
| 103|0x0000000086700000, 0x0000000086800000, 0x0000000086800000|100%|HC|  |TAMS 0x0000000086800000, 0x0000000086700000| Complete 
| 104|0x0000000086800000, 0x0000000086900000, 0x0000000086900000|100%|HC|  |TAMS 0x0000000086900000, 0x0000000086800000| Complete 
| 105|0x0000000086900000, 0x0000000086a00000, 0x0000000086a00000|100%|HS|  |TAMS 0x0000000086a00000, 0x0000000086900000| Complete 
| 106|0x0000000086a00000, 0x0000000086b00000, 0x0000000086b00000|100%|HC|  |TAMS 0x0000000086b00000, 0x0000000086a00000| Complete 
| 107|0x0000000086b00000, 0x0000000086c00000, 0x0000000086c00000|100%|HS|  |TAMS 0x0000000086c00000, 0x0000000086b00000| Complete 
| 108|0x0000000086c00000, 0x0000000086d00000, 0x0000000086d00000|100%|HC|  |TAMS 0x0000000086d00000, 0x0000000086c00000| Complete 
| 109|0x0000000086d00000, 0x0000000086e00000, 0x0000000086e00000|100%|HC|  |TAMS 0x0000000086e00000, 0x0000000086d00000| Complete 
| 110|0x0000000086e00000, 0x0000000086f00000, 0x0000000086f00000|100%|HS|  |TAMS 0x0000000086f00000, 0x0000000086e00000| Complete 
| 111|0x0000000086f00000, 0x0000000087000000, 0x0000000087000000|100%|HC|  |TAMS 0x0000000087000000, 0x0000000086f00000| Complete 
| 112|0x0000000087000000, 0x0000000087100000, 0x0000000087100000|100%|HC|  |TAMS 0x0000000087100000, 0x0000000087000000| Complete 
| 113|0x0000000087100000, 0x0000000087200000, 0x0000000087200000|100%|HC|  |TAMS 0x0000000087200000, 0x0000000087100000| Complete 
| 114|0x0000000087200000, 0x0000000087300000, 0x0000000087300000|100%|HC|  |TAMS 0x0000000087300000, 0x0000000087200000| Complete 
| 115|0x0000000087300000, 0x0000000087400000, 0x0000000087400000|100%|HS|  |TAMS 0x0000000087400000, 0x0000000087300000| Complete 
| 116|0x0000000087400000, 0x0000000087500000, 0x0000000087500000|100%|HC|  |TAMS 0x0000000087500000, 0x0000000087400000| Complete 
| 117|0x0000000087500000, 0x0000000087600000, 0x0000000087600000|100%|HC|  |TAMS 0x0000000087600000, 0x0000000087500000| Complete 
| 118|0x0000000087600000, 0x0000000087700000, 0x0000000087700000|100%|HS|  |TAMS 0x0000000087700000, 0x0000000087600000| Complete 
| 119|0x0000000087700000, 0x0000000087800000, 0x0000000087800000|100%|HS|  |TAMS 0x0000000087800000, 0x0000000087700000| Complete 
| 120|0x0000000087800000, 0x0000000087900000, 0x0000000087900000|100%|HC|  |TAMS 0x0000000087900000, 0x0000000087800000| Complete 
| 121|0x0000000087900000, 0x0000000087a00000, 0x0000000087a00000|100%|HC|  |TAMS 0x0000000087a00000, 0x0000000087900000| Complete 
| 122|0x0000000087a00000, 0x0000000087b00000, 0x0000000087b00000|100%|HC|  |TAMS 0x0000000087b00000, 0x0000000087a00000| Complete 
| 123|0x0000000087b00000, 0x0000000087c00000, 0x0000000087c00000|100%| O|  |TAMS 0x0000000087c00000, 0x0000000087b00000| Complete 
| 124|0x0000000087c00000, 0x0000000087d00000, 0x0000000087d00000|100%| O|  |TAMS 0x0000000087d00000, 0x0000000087c00000| Complete 
| 125|0x0000000087d00000, 0x0000000087e00000, 0x0000000087e00000|100%| O|  |TAMS 0x0000000087e00000, 0x0000000087d00000| Complete 
| 126|0x0000000087e00000, 0x0000000087f00000, 0x0000000087f00000|100%| O|  |TAMS 0x0000000087f00000, 0x0000000087e00000| Complete 
| 127|0x0000000087f00000, 0x0000000088000000, 0x0000000088000000|100%| O|  |TAMS 0x0000000088000000, 0x0000000087f00000| Complete 
| 128|0x0000000088000000, 0x0000000088100000, 0x0000000088100000|100%| O|  |TAMS 0x0000000088100000, 0x0000000088000000| Untracked 
| 129|0x0000000088100000, 0x0000000088200000, 0x0000000088200000|100%| O|  |TAMS 0x0000000088200000, 0x0000000088100000| Untracked 
| 130|0x0000000088200000, 0x0000000088300000, 0x0000000088300000|100%| O|  |TAMS 0x0000000088300000, 0x0000000088200000| Untracked 
| 131|0x0000000088300000, 0x0000000088400000, 0x0000000088400000|100%| O|  |TAMS 0x0000000088400000, 0x0000000088300000| Complete 
| 132|0x0000000088400000, 0x0000000088500000, 0x0000000088500000|100%| O|  |TAMS 0x0000000088500000, 0x0000000088400000| Complete 
| 133|0x0000000088500000, 0x0000000088600000, 0x0000000088600000|100%| O|  |TAMS 0x0000000088600000, 0x0000000088500000| Complete 
| 134|0x0000000088600000, 0x0000000088700000, 0x0000000088700000|100%| O|  |TAMS 0x0000000088700000, 0x0000000088600000| Untracked 
| 135|0x0000000088700000, 0x0000000088800000, 0x0000000088800000|100%| O|  |TAMS 0x0000000088800000, 0x0000000088700000| Complete 
| 136|0x0000000088800000, 0x0000000088900000, 0x0000000088900000|100%| O|  |TAMS 0x0000000088900000, 0x0000000088800000| Untracked 
| 137|0x0000000088900000, 0x0000000088a00000, 0x0000000088a00000|100%| O|  |TAMS 0x0000000088a00000, 0x0000000088900000| Complete 
| 138|0x0000000088a00000, 0x0000000088b00000, 0x0000000088b00000|100%| O|  |TAMS 0x0000000088b00000, 0x0000000088a00000| Complete 
| 139|0x0000000088b00000, 0x0000000088c00000, 0x0000000088c00000|100%| O|  |TAMS 0x0000000088c00000, 0x0000000088b00000| Complete 
| 140|0x0000000088c00000, 0x0000000088d00000, 0x0000000088d00000|100%| O|  |TAMS 0x0000000088d00000, 0x0000000088c00000| Complete 
| 141|0x0000000088d00000, 0x0000000088e00000, 0x0000000088e00000|100%| O|  |TAMS 0x0000000088e00000, 0x0000000088d00000| Complete 
| 142|0x0000000088e00000, 0x0000000088f00000, 0x0000000088f00000|100%| O|  |TAMS 0x0000000088f00000, 0x0000000088e00000| Complete 
| 143|0x0000000088f00000, 0x0000000089000000, 0x0000000089000000|100%| O|  |TAMS 0x0000000089000000, 0x0000000088f00000| Complete 
| 144|0x0000000089000000, 0x0000000089100000, 0x0000000089100000|100%| O|  |TAMS 0x0000000089100000, 0x0000000089000000| Complete 
| 145|0x0000000089100000, 0x0000000089200000, 0x0000000089200000|100%| O|  |TAMS 0x0000000089200000, 0x0000000089100000| Complete 
| 146|0x0000000089200000, 0x0000000089300000, 0x0000000089300000|100%| O|  |TAMS 0x0000000089300000, 0x0000000089200000| Untracked 
| 147|0x0000000089300000, 0x0000000089400000, 0x0000000089400000|100%| O|  |TAMS 0x0000000089400000, 0x0000000089300000| Complete 
| 148|0x0000000089400000, 0x0000000089500000, 0x0000000089500000|100%| O|  |TAMS 0x0000000089500000, 0x0000000089400000| Complete 
| 149|0x0000000089500000, 0x0000000089600000, 0x0000000089600000|100%| O|  |TAMS 0x0000000089600000, 0x0000000089500000| Complete 
| 150|0x0000000089600000, 0x0000000089700000, 0x0000000089700000|100%| O|  |TAMS 0x0000000089700000, 0x0000000089600000| Complete 
| 151|0x0000000089700000, 0x0000000089800000, 0x0000000089800000|100%| O|  |TAMS 0x0000000089800000, 0x0000000089700000| Complete 
| 152|0x0000000089800000, 0x0000000089900000, 0x0000000089900000|100%| O|  |TAMS 0x0000000089900000, 0x0000000089800000| Complete 
| 153|0x0000000089900000, 0x0000000089a00000, 0x0000000089a00000|100%| O|  |TAMS 0x0000000089a00000, 0x0000000089900000| Complete 
| 154|0x0000000089a00000, 0x0000000089b00000, 0x0000000089b00000|100%| O|  |TAMS 0x0000000089b00000, 0x0000000089a00000| Complete 
| 155|0x0000000089b00000, 0x0000000089c00000, 0x0000000089c00000|100%| O|  |TAMS 0x0000000089c00000, 0x0000000089b00000| Complete 
| 156|0x0000000089c00000, 0x0000000089d00000, 0x0000000089d00000|100%| O|  |TAMS 0x0000000089d00000, 0x0000000089c00000| Complete 
| 157|0x0000000089d00000, 0x0000000089e00000, 0x0000000089e00000|100%| O|  |TAMS 0x0000000089e00000, 0x0000000089d00000| Untracked 
| 158|0x0000000089e00000, 0x0000000089f00000, 0x0000000089f00000|100%| O|  |TAMS 0x0000000089f00000, 0x0000000089e00000| Untracked 
| 159|0x0000000089f00000, 0x000000008a000000, 0x000000008a000000|100%| O|  |TAMS 0x000000008a000000, 0x0000000089f00000| Untracked 
| 160|0x000000008a000000, 0x000000008a100000, 0x000000008a100000|100%| O|  |TAMS 0x000000008a100000, 0x000000008a000000| Complete 
| 161|0x000000008a100000, 0x000000008a200000, 0x000000008a200000|100%| O|  |TAMS 0x000000008a200000, 0x000000008a100000| Complete 
| 162|0x000000008a200000, 0x000000008a300000, 0x000000008a300000|100%| O|  |TAMS 0x000000008a300000, 0x000000008a200000| Complete 
| 163|0x000000008a300000, 0x000000008a400000, 0x000000008a400000|100%| O|  |TAMS 0x000000008a400000, 0x000000008a300000| Complete 
| 164|0x000000008a400000, 0x000000008a500000, 0x000000008a500000|100%| O|  |TAMS 0x000000008a500000, 0x000000008a400000| Complete 
| 165|0x000000008a500000, 0x000000008a600000, 0x000000008a600000|100%| O|  |TAMS 0x000000008a600000, 0x000000008a500000| Untracked 
| 166|0x000000008a600000, 0x000000008a700000, 0x000000008a700000|100%| O|  |TAMS 0x000000008a700000, 0x000000008a600000| Untracked 
| 167|0x000000008a700000, 0x000000008a800000, 0x000000008a800000|100%| O|  |TAMS 0x000000008a800000, 0x000000008a700000| Untracked 
| 168|0x000000008a800000, 0x000000008a900000, 0x000000008a900000|100%| O|  |TAMS 0x000000008a900000, 0x000000008a800000| Untracked 
| 169|0x000000008a900000, 0x000000008aa00000, 0x000000008aa00000|100%| O|  |TAMS 0x000000008aa00000, 0x000000008a900000| Complete 
| 170|0x000000008aa00000, 0x000000008ab00000, 0x000000008ab00000|100%| O|  |TAMS 0x000000008ab00000, 0x000000008aa00000| Untracked 
| 171|0x000000008ab00000, 0x000000008ab00000, 0x000000008ac00000|  0%| F|  |TAMS 0x000000008ab00000, 0x000000008ab00000| Untracked 
| 172|0x000000008ac00000, 0x000000008ac00000, 0x000000008ad00000|  0%| F|  |TAMS 0x000000008ac00000, 0x000000008ac00000| Untracked 
| 173|0x000000008ad00000, 0x000000008ad00000, 0x000000008ae00000|  0%| F|  |TAMS 0x000000008ad00000, 0x000000008ad00000| Untracked 
| 174|0x000000008ae00000, 0x000000008ae00000, 0x000000008af00000|  0%| F|  |TAMS 0x000000008ae00000, 0x000000008ae00000| Untracked 
| 175|0x000000008af00000, 0x000000008af00000, 0x000000008b000000|  0%| F|  |TAMS 0x000000008af00000, 0x000000008af00000| Untracked 
| 176|0x000000008b000000, 0x000000008b000000, 0x000000008b100000|  0%| F|  |TAMS 0x000000008b000000, 0x000000008b000000| Untracked 
| 177|0x000000008b100000, 0x000000008b100000, 0x000000008b200000|  0%| F|  |TAMS 0x000000008b100000, 0x000000008b100000| Untracked 
| 178|0x000000008b200000, 0x000000008b200000, 0x000000008b300000|  0%| F|  |TAMS 0x000000008b200000, 0x000000008b200000| Untracked 
| 179|0x000000008b300000, 0x000000008b300000, 0x000000008b400000|  0%| F|  |TAMS 0x000000008b300000, 0x000000008b300000| Untracked 
| 180|0x000000008b400000, 0x000000008b400000, 0x000000008b500000|  0%| F|  |TAMS 0x000000008b400000, 0x000000008b400000| Untracked 
| 181|0x000000008b500000, 0x000000008b500000, 0x000000008b600000|  0%| F|  |TAMS 0x000000008b500000, 0x000000008b500000| Untracked 
| 182|0x000000008b600000, 0x000000008b600000, 0x000000008b700000|  0%| F|  |TAMS 0x000000008b600000, 0x000000008b600000| Untracked 
| 183|0x000000008b700000, 0x000000008b700000, 0x000000008b800000|  0%| F|  |TAMS 0x000000008b700000, 0x000000008b700000| Untracked 
| 184|0x000000008b800000, 0x000000008b800000, 0x000000008b900000|  0%| F|  |TAMS 0x000000008b800000, 0x000000008b800000| Untracked 
| 185|0x000000008b900000, 0x000000008b900000, 0x000000008ba00000|  0%| F|  |TAMS 0x000000008b900000, 0x000000008b900000| Untracked 
| 186|0x000000008ba00000, 0x000000008ba00000, 0x000000008bb00000|  0%| F|  |TAMS 0x000000008ba00000, 0x000000008ba00000| Untracked 
| 187|0x000000008bb00000, 0x000000008bb00000, 0x000000008bc00000|  0%| F|  |TAMS 0x000000008bb00000, 0x000000008bb00000| Untracked 
| 188|0x000000008bc00000, 0x000000008bc00000, 0x000000008bd00000|  0%| F|  |TAMS 0x000000008bc00000, 0x000000008bc00000| Untracked 
| 189|0x000000008bd00000, 0x000000008bd00000, 0x000000008be00000|  0%| F|  |TAMS 0x000000008bd00000, 0x000000008bd00000| Untracked 
| 190|0x000000008be00000, 0x000000008be00000, 0x000000008bf00000|  0%| F|  |TAMS 0x000000008be00000, 0x000000008be00000| Untracked 
| 191|0x000000008bf00000, 0x000000008bf00000, 0x000000008c000000|  0%| F|  |TAMS 0x000000008bf00000, 0x000000008bf00000| Untracked 
| 192|0x000000008c000000, 0x000000008c000000, 0x000000008c100000|  0%| F|  |TAMS 0x000000008c000000, 0x000000008c000000| Untracked 
| 193|0x000000008c100000, 0x000000008c100000, 0x000000008c200000|  0%| F|  |TAMS 0x000000008c100000, 0x000000008c100000| Untracked 
| 194|0x000000008c200000, 0x000000008c200000, 0x000000008c300000|  0%| F|  |TAMS 0x000000008c200000, 0x000000008c200000| Untracked 
| 195|0x000000008c300000, 0x000000008c300000, 0x000000008c400000|  0%| F|  |TAMS 0x000000008c300000, 0x000000008c300000| Untracked 
| 196|0x000000008c400000, 0x000000008c400000, 0x000000008c500000|  0%| F|  |TAMS 0x000000008c400000, 0x000000008c400000| Untracked 
| 197|0x000000008c500000, 0x000000008c500000, 0x000000008c600000|  0%| F|  |TAMS 0x000000008c500000, 0x000000008c500000| Untracked 
| 198|0x000000008c600000, 0x000000008c600000, 0x000000008c700000|  0%| F|  |TAMS 0x000000008c600000, 0x000000008c600000| Untracked 
| 199|0x000000008c700000, 0x000000008c700000, 0x000000008c800000|  0%| F|  |TAMS 0x000000008c700000, 0x000000008c700000| Untracked 
| 200|0x000000008c800000, 0x000000008c800000, 0x000000008c900000|  0%| F|  |TAMS 0x000000008c800000, 0x000000008c800000| Untracked 
| 201|0x000000008c900000, 0x000000008c900000, 0x000000008ca00000|  0%| F|  |TAMS 0x000000008c900000, 0x000000008c900000| Untracked 
| 202|0x000000008ca00000, 0x000000008ca00000, 0x000000008cb00000|  0%| F|  |TAMS 0x000000008ca00000, 0x000000008ca00000| Untracked 
| 203|0x000000008cb00000, 0x000000008cb00000, 0x000000008cc00000|  0%| F|  |TAMS 0x000000008cb00000, 0x000000008cb00000| Untracked 
| 204|0x000000008cc00000, 0x000000008cc77e98, 0x000000008cd00000| 46%| S|CS|TAMS 0x000000008cc00000, 0x000000008cc00000| Complete 
| 205|0x000000008cd00000, 0x000000008cd00000, 0x000000008ce00000|  0%| F|  |TAMS 0x000000008cd00000, 0x000000008cd00000| Untracked 
| 206|0x000000008ce00000, 0x000000008ce00000, 0x000000008cf00000|  0%| F|  |TAMS 0x000000008ce00000, 0x000000008ce00000| Untracked 
| 207|0x000000008cf00000, 0x000000008cf00000, 0x000000008d000000|  0%| F|  |TAMS 0x000000008cf00000, 0x000000008cf00000| Untracked 
| 208|0x000000008d000000, 0x000000008d000000, 0x000000008d100000|  0%| F|  |TAMS 0x000000008d000000, 0x000000008d000000| Untracked 
| 209|0x000000008d100000, 0x000000008d100000, 0x000000008d200000|  0%| F|  |TAMS 0x000000008d100000, 0x000000008d100000| Untracked 
| 210|0x000000008d200000, 0x000000008d200000, 0x000000008d300000|  0%| F|  |TAMS 0x000000008d200000, 0x000000008d200000| Untracked 
| 211|0x000000008d300000, 0x000000008d300000, 0x000000008d400000|  0%| F|  |TAMS 0x000000008d300000, 0x000000008d300000| Untracked 
| 212|0x000000008d400000, 0x000000008d500000, 0x000000008d500000|100%| S|CS|TAMS 0x000000008d400000, 0x000000008d400000| Complete 
| 213|0x000000008d500000, 0x000000008d600000, 0x000000008d600000|100%| S|CS|TAMS 0x000000008d500000, 0x000000008d500000| Complete 
| 214|0x000000008d600000, 0x000000008d700000, 0x000000008d700000|100%| S|CS|TAMS 0x000000008d600000, 0x000000008d600000| Complete 
| 215|0x000000008d700000, 0x000000008d800000, 0x000000008d800000|100%| S|CS|TAMS 0x000000008d700000, 0x000000008d700000| Complete 
| 216|0x000000008d800000, 0x000000008d800000, 0x000000008d900000|  0%| F|  |TAMS 0x000000008d800000, 0x000000008d800000| Untracked 
| 217|0x000000008d900000, 0x000000008d900000, 0x000000008da00000|  0%| F|  |TAMS 0x000000008d900000, 0x000000008d900000| Untracked 
| 218|0x000000008da00000, 0x000000008da00000, 0x000000008db00000|  0%| F|  |TAMS 0x000000008da00000, 0x000000008da00000| Untracked 
| 219|0x000000008db00000, 0x000000008db00000, 0x000000008dc00000|  0%| F|  |TAMS 0x000000008db00000, 0x000000008db00000| Untracked 
| 220|0x000000008dc00000, 0x000000008dc00000, 0x000000008dd00000|  0%| F|  |TAMS 0x000000008dc00000, 0x000000008dc00000| Untracked 
| 221|0x000000008dd00000, 0x000000008ddb4a40, 0x000000008de00000| 70%| E|  |TAMS 0x000000008dd00000, 0x000000008dd00000| Complete 
| 222|0x000000008de00000, 0x000000008df00000, 0x000000008df00000|100%| E|CS|TAMS 0x000000008de00000, 0x000000008de00000| Complete 
| 223|0x000000008df00000, 0x000000008e000000, 0x000000008e000000|100%| E|CS|TAMS 0x000000008df00000, 0x000000008df00000| Complete 
| 224|0x000000008e000000, 0x000000008e100000, 0x000000008e100000|100%| E|CS|TAMS 0x000000008e000000, 0x000000008e000000| Complete 
| 225|0x000000008e100000, 0x000000008e200000, 0x000000008e200000|100%| E|CS|TAMS 0x000000008e100000, 0x000000008e100000| Complete 
| 226|0x000000008e200000, 0x000000008e300000, 0x000000008e300000|100%| E|CS|TAMS 0x000000008e200000, 0x000000008e200000| Complete 
| 227|0x000000008e300000, 0x000000008e400000, 0x000000008e400000|100%| E|CS|TAMS 0x000000008e300000, 0x000000008e300000| Complete 
| 228|0x000000008e400000, 0x000000008e500000, 0x000000008e500000|100%| E|CS|TAMS 0x000000008e400000, 0x000000008e400000| Complete 
| 229|0x000000008e500000, 0x000000008e600000, 0x000000008e600000|100%| E|CS|TAMS 0x000000008e500000, 0x000000008e500000| Complete 
| 230|0x000000008e600000, 0x000000008e700000, 0x000000008e700000|100%| E|CS|TAMS 0x000000008e600000, 0x000000008e600000| Complete 
| 231|0x000000008e700000, 0x000000008e800000, 0x000000008e800000|100%| E|CS|TAMS 0x000000008e700000, 0x000000008e700000| Complete 
| 232|0x000000008e800000, 0x000000008e900000, 0x000000008e900000|100%| E|CS|TAMS 0x000000008e800000, 0x000000008e800000| Complete 
| 233|0x000000008e900000, 0x000000008ea00000, 0x000000008ea00000|100%| E|CS|TAMS 0x000000008e900000, 0x000000008e900000| Complete 
| 234|0x000000008ea00000, 0x000000008eb00000, 0x000000008eb00000|100%| E|CS|TAMS 0x000000008ea00000, 0x000000008ea00000| Complete 
| 235|0x000000008eb00000, 0x000000008ec00000, 0x000000008ec00000|100%| E|CS|TAMS 0x000000008eb00000, 0x000000008eb00000| Complete 
| 236|0x000000008ec00000, 0x000000008ed00000, 0x000000008ed00000|100%| E|CS|TAMS 0x000000008ec00000, 0x000000008ec00000| Complete 
| 237|0x000000008ed00000, 0x000000008ee00000, 0x000000008ee00000|100%| E|CS|TAMS 0x000000008ed00000, 0x000000008ed00000| Complete 
| 238|0x000000008ee00000, 0x000000008ef00000, 0x000000008ef00000|100%| E|CS|TAMS 0x000000008ee00000, 0x000000008ee00000| Complete 
| 239|0x000000008ef00000, 0x000000008f000000, 0x000000008f000000|100%| E|CS|TAMS 0x000000008ef00000, 0x000000008ef00000| Complete 
| 240|0x000000008f000000, 0x000000008f100000, 0x000000008f100000|100%| E|CS|TAMS 0x000000008f000000, 0x000000008f000000| Complete 
| 241|0x000000008f100000, 0x000000008f200000, 0x000000008f200000|100%| E|CS|TAMS 0x000000008f100000, 0x000000008f100000| Complete 
| 242|0x000000008f200000, 0x000000008f300000, 0x000000008f300000|100%| E|CS|TAMS 0x000000008f200000, 0x000000008f200000| Complete 
| 243|0x000000008f300000, 0x000000008f400000, 0x000000008f400000|100%| E|CS|TAMS 0x000000008f300000, 0x000000008f300000| Complete 
| 244|0x000000008f400000, 0x000000008f500000, 0x000000008f500000|100%| E|CS|TAMS 0x000000008f400000, 0x000000008f400000| Complete 
| 245|0x000000008f500000, 0x000000008f600000, 0x000000008f600000|100%| E|CS|TAMS 0x000000008f500000, 0x000000008f500000| Complete 
| 246|0x000000008f600000, 0x000000008f700000, 0x000000008f700000|100%| E|CS|TAMS 0x000000008f600000, 0x000000008f600000| Complete 
| 247|0x000000008f700000, 0x000000008f800000, 0x000000008f800000|100%| E|CS|TAMS 0x000000008f700000, 0x000000008f700000| Complete 
| 248|0x000000008f800000, 0x000000008f900000, 0x000000008f900000|100%| E|CS|TAMS 0x000000008f800000, 0x000000008f800000| Complete 
| 249|0x000000008f900000, 0x000000008fa00000, 0x000000008fa00000|100%| E|CS|TAMS 0x000000008f900000, 0x000000008f900000| Complete 
| 250|0x000000008fa00000, 0x000000008fb00000, 0x000000008fb00000|100%| E|CS|TAMS 0x000000008fa00000, 0x000000008fa00000| Complete 
| 251|0x000000008fb00000, 0x000000008fc00000, 0x000000008fc00000|100%| E|CS|TAMS 0x000000008fb00000, 0x000000008fb00000| Complete 
| 252|0x000000008fc00000, 0x000000008fd00000, 0x000000008fd00000|100%| E|CS|TAMS 0x000000008fc00000, 0x000000008fc00000| Complete 
| 253|0x000000008fd00000, 0x000000008fe00000, 0x000000008fe00000|100%| E|CS|TAMS 0x000000008fd00000, 0x000000008fd00000| Complete 
| 254|0x000000008fe00000, 0x000000008ff00000, 0x000000008ff00000|100%| E|CS|TAMS 0x000000008fe00000, 0x000000008fe00000| Complete 
| 255|0x000000008ff00000, 0x0000000090000000, 0x0000000090000000|100%| E|CS|TAMS 0x000000008ff00000, 0x000000008ff00000| Complete 
| 256|0x0000000090000000, 0x0000000090100000, 0x0000000090100000|100%| E|CS|TAMS 0x0000000090000000, 0x0000000090000000| Complete 
| 257|0x0000000090100000, 0x0000000090200000, 0x0000000090200000|100%| E|CS|TAMS 0x0000000090100000, 0x0000000090100000| Complete 
| 258|0x0000000090200000, 0x0000000090300000, 0x0000000090300000|100%| E|CS|TAMS 0x0000000090200000, 0x0000000090200000| Complete 
| 259|0x0000000090300000, 0x0000000090400000, 0x0000000090400000|100%| E|CS|TAMS 0x0000000090300000, 0x0000000090300000| Complete 
| 260|0x0000000090400000, 0x0000000090500000, 0x0000000090500000|100%| E|CS|TAMS 0x0000000090400000, 0x0000000090400000| Complete 
| 261|0x0000000090500000, 0x0000000090600000, 0x0000000090600000|100%| E|CS|TAMS 0x0000000090500000, 0x0000000090500000| Complete 
| 262|0x0000000090600000, 0x0000000090700000, 0x0000000090700000|100%| E|CS|TAMS 0x0000000090600000, 0x0000000090600000| Complete 
| 263|0x0000000090700000, 0x0000000090800000, 0x0000000090800000|100%| E|CS|TAMS 0x0000000090700000, 0x0000000090700000| Complete 

Card table byte_map: [0x00000263ed750000,0x00000263edb50000] _byte_map_base: 0x00000263ed350000

Marking Bits (Prev, Next): (CMBitMap*) 0x00000263da53ef98, (CMBitMap*) 0x00000263da53efd0
 Prev Bits: [0x00000263edf50000, 0x00000263eff50000)
 Next Bits: [0x00000263eff50000, 0x00000263f1f50000)

Polling page: 0x00000263d8510000

Metaspace:

Usage:
  Non-class:    103.41 MB capacity,   101.35 MB ( 98%) used,     1.71 MB (  2%) free+waste,   353.56 KB ( <1%) overhead. 
      Class:     15.67 MB capacity,    14.51 MB ( 93%) used,     1.01 MB (  6%) free+waste,   162.19 KB (  1%) overhead. 
       Both:    119.09 MB capacity,   115.86 MB ( 97%) used,     2.72 MB (  2%) free+waste,   515.75 KB ( <1%) overhead. 

Virtual space:
  Non-class space:      104.00 MB reserved,     103.57 MB (>99%) committed 
      Class space:        1.00 GB reserved,      15.75 MB (  2%) committed 
             Both:        1.10 GB reserved,     119.32 MB ( 11%) committed 

Chunk freelists:
   Non-Class:  32.00 KB
       Class:  14.00 KB
        Both:  46.00 KB

MaxMetaspaceSize: 17179869184.00 GB
CompressedClassSpaceSize: 1.00 GB
Initial GC threshold: 20.80 MB
Current GC threshold: 198.45 MB
CDS: off

CodeHeap 'non-profiled nmethods': size=120000Kb used=10264Kb max_used=10264Kb free=109735Kb
 bounds [0x00000263e5af0000, 0x00000263e6500000, 0x00000263ed020000]
CodeHeap 'profiled nmethods': size=120000Kb used=32632Kb max_used=32632Kb free=87367Kb
 bounds [0x00000263de5c0000, 0x00000263e05a0000, 0x00000263e5af0000]
CodeHeap 'non-nmethods': size=5760Kb used=2449Kb max_used=2489Kb free=3310Kb
 bounds [0x00000263de020000, 0x00000263de2a0000, 0x00000263de5c0000]
 total_blobs=15666 nmethods=14690 adapters=887
 compilation: enabled
              stopped_count=0, restarted_count=0
 full_count=0

Compilation events (20 events):
Event: 49.276 Thread 0x00000263f5327800 nmethod 14648 0x00000263e64ea210 code [0x00000263e64ea9a0, 0x00000263e64f1888]
Event: 49.276 Thread 0x00000263f5327800 14714       4       org.gradle.tooling.internal.adapter.ProtocolToModelAdapter$SafeMethodInvoker::invoke (118 bytes)
Event: 49.444 Thread 0x00000263f5329800 14783       3       com.sun.crypto.provider.GHASH::update (9 bytes)
Event: 49.444 Thread 0x00000263f5329800 nmethod 14783 0x00000263e059a790 code [0x00000263e059a940, 0x00000263e059aa88]
Event: 49.444 Thread 0x00000263f5329800 14784       3       com.sun.crypto.provider.GaloisCounterMode::expandToOneBlock (65 bytes)
Event: 49.445 Thread 0x00000263f5329800 nmethod 14784 0x00000263e059ab90 code [0x00000263e059ae20, 0x00000263e059b918]
Event: 49.445 Thread 0x00000263f5329800 14785       3       org.apache.http.message.BasicListHeaderIterator::findNext (58 bytes)
Event: 49.445 Thread 0x00000263f5329800 nmethod 14785 0x00000263e059bd10 code [0x00000263e059bf00, 0x00000263e059c2b8]
Event: 49.446 Thread 0x00000263f5329800 14787       3       com.google.common.collect.AbstractMapBasedMultimap$AsMap$AsMapIterator::hasNext (10 bytes)
Event: 49.446 Thread 0x00000263f5329800 nmethod 14787 0x00000263e059c410 code [0x00000263e059c5c0, 0x00000263e059c788]
Event: 49.447 Thread 0x00000263f5329800 14790  s    3       java.lang.StringBuffer::append (13 bytes)
Event: 49.447 Thread 0x00000263f5329800 nmethod 14790 0x00000263e059c890 code [0x00000263e059ca60, 0x00000263e059cd28]
Event: 49.458 Thread 0x00000263f5329800 14791       3       java.nio.CharBuffer::allocate (19 bytes)
Event: 49.459 Thread 0x00000263f5329800 nmethod 14791 0x00000263e059ce10 code [0x00000263e059d000, 0x00000263e059d3f8]
Event: 49.505 Thread 0x00000263f5329800 14792       3       java.net.IDN::isNonLDHAsciiCodePoint (65 bytes)
Event: 49.506 Thread 0x00000263f5329800 nmethod 14792 0x00000263e059d590 code [0x00000263e059d740, 0x00000263e059da78]
Event: 49.506 Thread 0x00000263f5329800 14793       3       sun.security.ssl.TransportContext::isInboundClosed (8 bytes)
Event: 49.506 Thread 0x00000263f5329800 nmethod 14793 0x00000263e059db10 code [0x00000263e059dcc0, 0x00000263e059dff8]
Event: 49.507 Thread 0x00000263f5329800 14794       1       sun.security.ssl.SSLContextImpl::getSecureRandom (5 bytes)
Event: 49.507 Thread 0x00000263f5329800 nmethod 14794 0x00000263e64f5e10 code [0x00000263e64f5fc0, 0x00000263e64f6078]

GC Heap History (20 events):
Event: 10.740 GC heap before
{Heap before GC invocations=31 (full 0):
 garbage-first heap   total 225280K, used 191974K [0x0000000080000000, 0x0000000100000000)
  region size 1024K, 52 young (53248K), 4 survivors (4096K)
 Metaspace       used 91611K, capacity 93983K, committed 94152K, reserved 1130496K
  class space    used 11725K, capacity 12545K, committed 12672K, reserved 1048576K
}
Event: 10.748 GC heap after
{Heap after GC invocations=32 (full 0):
 garbage-first heap   total 225280K, used 146670K [0x0000000080000000, 0x0000000100000000)
  region size 1024K, 7 young (7168K), 7 survivors (7168K)
 Metaspace       used 91611K, capacity 93983K, committed 94152K, reserved 1130496K
  class space    used 11725K, capacity 12545K, committed 12672K, reserved 1048576K
}
Event: 10.923 GC heap before
{Heap before GC invocations=33 (full 0):
 garbage-first heap   total 225280K, used 189678K [0x0000000080000000, 0x0000000100000000)
  region size 1024K, 50 young (51200K), 7 survivors (7168K)
 Metaspace       used 93308K, capacity 95694K, committed 95816K, reserved 1132544K
  class space    used 11928K, capacity 12731K, committed 12800K, reserved 1048576K
}
Event: 10.929 GC heap after
{Heap after GC invocations=34 (full 0):
 garbage-first heap   total 225280K, used 148298K [0x0000000080000000, 0x0000000100000000)
  region size 1024K, 2 young (2048K), 2 survivors (2048K)
 Metaspace       used 93308K, capacity 95694K, committed 95816K, reserved 1132544K
  class space    used 11928K, capacity 12731K, committed 12800K, reserved 1048576K
}
Event: 11.516 GC heap before
{Heap before GC invocations=35 (full 0):
 garbage-first heap   total 225280K, used 193354K [0x0000000080000000, 0x0000000100000000)
  region size 1024K, 45 young (46080K), 2 survivors (2048K)
 Metaspace       used 100495K, capacity 102914K, committed 103112K, reserved 1138688K
  class space    used 12774K, capacity 13631K, committed 13696K, reserved 1048576K
}
Event: 11.521 GC heap after
{Heap after GC invocations=36 (full 0):
 garbage-first heap   total 225280K, used 149045K [0x0000000080000000, 0x0000000100000000)
  region size 1024K, 3 young (3072K), 3 survivors (3072K)
 Metaspace       used 100495K, capacity 102914K, committed 103112K, reserved 1138688K
  class space    used 12774K, capacity 13631K, committed 13696K, reserved 1048576K
}
Event: 11.929 GC heap before
{Heap before GC invocations=36 (full 0):
 garbage-first heap   total 225280K, used 192053K [0x0000000080000000, 0x0000000100000000)
  region size 1024K, 46 young (47104K), 3 survivors (3072K)
 Metaspace       used 102364K, capacity 105252K, committed 105416K, reserved 1140736K
  class space    used 13125K, capacity 14114K, committed 14208K, reserved 1048576K
}
Event: 11.936 GC heap after
{Heap after GC invocations=37 (full 0):
 garbage-first heap   total 225280K, used 154624K [0x0000000080000000, 0x0000000100000000)
  region size 1024K, 6 young (6144K), 6 survivors (6144K)
 Metaspace       used 102364K, capacity 105252K, committed 105416K, reserved 1140736K
  class space    used 13125K, capacity 14114K, committed 14208K, reserved 1048576K
}
Event: 12.211 GC heap before
{Heap before GC invocations=38 (full 0):
 garbage-first heap   total 225280K, used 192512K [0x0000000080000000, 0x0000000100000000)
  region size 1024K, 44 young (45056K), 6 survivors (6144K)
 Metaspace       used 102705K, capacity 105524K, committed 105672K, reserved 1140736K
  class space    used 13142K, capacity 14151K, committed 14208K, reserved 1048576K
}
Event: 12.220 GC heap after
{Heap after GC invocations=39 (full 0):
 garbage-first heap   total 225280K, used 158506K [0x0000000080000000, 0x0000000100000000)
  region size 1024K, 5 young (5120K), 5 survivors (5120K)
 Metaspace       used 102705K, capacity 105524K, committed 105672K, reserved 1140736K
  class space    used 13142K, capacity 14151K, committed 14208K, reserved 1048576K
}
Event: 12.619 GC heap before
{Heap before GC invocations=39 (full 0):
 garbage-first heap   total 225280K, used 193322K [0x0000000080000000, 0x0000000100000000)
  region size 1024K, 39 young (39936K), 5 survivors (5120K)
 Metaspace       used 105170K, capacity 108060K, committed 108360K, reserved 1142784K
  class space    used 13427K, capacity 14475K, committed 14592K, reserved 1048576K
}
Event: 12.626 GC heap after
{Heap after GC invocations=40 (full 0):
 garbage-first heap   total 270336K, used 160684K [0x0000000080000000, 0x0000000100000000)
  region size 1024K, 4 young (4096K), 4 survivors (4096K)
 Metaspace       used 105170K, capacity 108060K, committed 108360K, reserved 1142784K
  class space    used 13427K, capacity 14475K, committed 14592K, reserved 1048576K
}
Event: 13.353 GC heap before
{Heap before GC invocations=41 (full 0):
 garbage-first heap   total 270336K, used 212908K [0x0000000080000000, 0x0000000100000000)
  region size 1024K, 56 young (57344K), 4 survivors (4096K)
 Metaspace       used 110836K, capacity 113740K, committed 114120K, reserved 1148928K
  class space    used 13955K, capacity 15061K, committed 15232K, reserved 1048576K
}
Event: 13.364 GC heap after
{Heap after GC invocations=42 (full 0):
 garbage-first heap   total 270336K, used 162723K [0x0000000080000000, 0x0000000100000000)
  region size 1024K, 6 young (6144K), 6 survivors (6144K)
 Metaspace       used 110836K, capacity 113740K, committed 114120K, reserved 1148928K
  class space    used 13955K, capacity 15061K, committed 15232K, reserved 1048576K
}
Event: 46.476 GC heap before
{Heap before GC invocations=42 (full 0):
 garbage-first heap   total 270336K, used 216995K [0x0000000080000000, 0x0000000100000000)
  region size 1024K, 59 young (60416K), 6 survivors (6144K)
 Metaspace       used 111897K, capacity 114902K, committed 115144K, reserved 1148928K
  class space    used 14030K, capacity 15175K, committed 15232K, reserved 1048576K
}
Event: 46.503 GC heap after
{Heap after GC invocations=43 (full 0):
 garbage-first heap   total 270336K, used 168386K [0x0000000080000000, 0x0000000100000000)
  region size 1024K, 8 young (8192K), 8 survivors (8192K)
 Metaspace       used 111897K, capacity 114902K, committed 115144K, reserved 1148928K
  class space    used 14030K, capacity 15175K, committed 15232K, reserved 1048576K
}
Event: 47.401 GC heap before
{Heap before GC invocations=44 (full 0):
 garbage-first heap   total 270336K, used 220610K [0x0000000080000000, 0x0000000100000000)
  region size 1024K, 60 young (61440K), 8 survivors (8192K)
 Metaspace       used 115671K, capacity 118988K, committed 119240K, reserved 1153024K
  class space    used 14495K, capacity 15718K, committed 15744K, reserved 1048576K
}
Event: 47.413 GC heap after
{Heap after GC invocations=45 (full 0):
 garbage-first heap   total 270336K, used 175337K [0x0000000080000000, 0x0000000100000000)
  region size 1024K, 7 young (7168K), 7 survivors (7168K)
 Metaspace       used 115671K, capacity 118988K, committed 119240K, reserved 1153024K
  class space    used 14495K, capacity 15718K, committed 15744K, reserved 1048576K
}
Event: 48.458 GC heap before
{Heap before GC invocations=45 (full 0):
 garbage-first heap   total 270336K, used 223465K [0x0000000080000000, 0x0000000100000000)
  region size 1024K, 55 young (56320K), 7 survivors (7168K)
 Metaspace       used 118324K, capacity 121736K, committed 121928K, reserved 1155072K
  class space    used 14844K, capacity 16048K, committed 16128K, reserved 1048576K
}
Event: 48.467 GC heap after
{Heap after GC invocations=46 (full 0):
 garbage-first heap   total 270336K, used 179679K [0x0000000080000000, 0x0000000100000000)
  region size 1024K, 5 young (5120K), 5 survivors (5120K)
 Metaspace       used 118324K, capacity 121736K, committed 121928K, reserved 1155072K
  class space    used 14844K, capacity 16048K, committed 16128K, reserved 1048576K
}

Deoptimization events (20 events):
Event: 49.102 Thread 0x00000263f782a800 Uncommon trap: trap_request=0xffffffc6 fr.pc=0x00000263e647d9fc relative=0x0000000000000afc
Event: 49.102 Thread 0x00000263f782a800 Uncommon trap: reason=bimorphic_or_optimized_type_check action=maybe_recompile pc=0x00000263e647d9fc method=com.google.common.cache.LocalCache$Segment.getLiveValue(Lcom/google/common/cache/ReferenceEntry;J)Ljava/lang/Object; @ 21 c2
Event: 49.102 Thread 0x00000263f782a800 DEOPT PACKING pc=0x00000263e647d9fc sp=0x000000b3064f9230
Event: 49.102 Thread 0x00000263f782a800 DEOPT UNPACKING pc=0x00000263de06a1af sp=0x000000b3064f9168 mode 2
Event: 49.151 Thread 0x00000263f782a800 Uncommon trap: trap_request=0xffffffbe fr.pc=0x00000263e64ca1c4 relative=0x0000000000000124
Event: 49.151 Thread 0x00000263f782a800 Uncommon trap: reason=profile_predicate action=maybe_recompile pc=0x00000263e64ca1c4 method=java.math.BigInteger.longValue()J @ 5 c2
Event: 49.151 Thread 0x00000263f782a800 DEOPT PACKING pc=0x00000263e64ca1c4 sp=0x000000b3064f7fa0
Event: 49.151 Thread 0x00000263f782a800 DEOPT UNPACKING pc=0x00000263de06a1af sp=0x000000b3064f7f48 mode 2
Event: 49.151 Thread 0x00000263f782a800 Uncommon trap: trap_request=0xffffffbe fr.pc=0x00000263e64ca1c4 relative=0x0000000000000124
Event: 49.151 Thread 0x00000263f782a800 Uncommon trap: reason=profile_predicate action=maybe_recompile pc=0x00000263e64ca1c4 method=java.math.BigInteger.longValue()J @ 5 c2
Event: 49.151 Thread 0x00000263f782a800 DEOPT PACKING pc=0x00000263e64ca1c4 sp=0x000000b3064f7fa0
Event: 49.151 Thread 0x00000263f782a800 DEOPT UNPACKING pc=0x00000263de06a1af sp=0x000000b3064f7f48 mode 2
Event: 49.151 Thread 0x00000263f782a800 Uncommon trap: trap_request=0xffffffbe fr.pc=0x00000263e64ca1c4 relative=0x0000000000000124
Event: 49.151 Thread 0x00000263f782a800 Uncommon trap: reason=profile_predicate action=maybe_recompile pc=0x00000263e64ca1c4 method=java.math.BigInteger.longValue()J @ 5 c2
Event: 49.151 Thread 0x00000263f782a800 DEOPT PACKING pc=0x00000263e64ca1c4 sp=0x000000b3064f7fa0
Event: 49.151 Thread 0x00000263f782a800 DEOPT UNPACKING pc=0x00000263de06a1af sp=0x000000b3064f7f48 mode 2
Event: 49.151 Thread 0x00000263f782a800 Uncommon trap: trap_request=0xffffffbe fr.pc=0x00000263e64ca1c4 relative=0x0000000000000124
Event: 49.151 Thread 0x00000263f782a800 Uncommon trap: reason=profile_predicate action=maybe_recompile pc=0x00000263e64ca1c4 method=java.math.BigInteger.longValue()J @ 5 c2
Event: 49.151 Thread 0x00000263f782a800 DEOPT PACKING pc=0x00000263e64ca1c4 sp=0x000000b3064f7fa0
Event: 49.151 Thread 0x00000263f782a800 DEOPT UNPACKING pc=0x00000263de06a1af sp=0x000000b3064f7f48 mode 2

Classes redefined (0 events):
No events

Internal exceptions (20 events):
Event: 46.133 Thread 0x00000263f782a800 Exception <a 'java/lang/ClassNotFoundException'{0x000000008e6a9150}: build_2igjglum9x9dhy0bvntopd8gnCustomizer> (0x000000008e6a9150) thrown at [./src/hotspot/share/classfile/systemDictionary.cpp, line 231]
Event: 46.141 Thread 0x00000263f782a800 Exception <a 'java/lang/ClassNotFoundException'{0x000000008e4a91f0}: build_2igjglum9x9dhy0bvntopd8gn$_run_closure1$_closure4BeanInfo> (0x000000008e4a91f0) thrown at [./src/hotspot/share/classfile/systemDictionary.cpp, line 231]
Event: 46.141 Thread 0x00000263f782a800 Exception <a 'java/lang/ClassNotFoundException'{0x000000008e4bb480}: build_2igjglum9x9dhy0bvntopd8gn$_run_closure1$_closure4Customizer> (0x000000008e4bb480) thrown at [./src/hotspot/share/classfile/systemDictionary.cpp, line 231]
Event: 46.143 Thread 0x00000263f782a800 Exception <a 'java/lang/ClassNotFoundException'{0x000000008e4e56b8}: build_2igjglum9x9dhy0bvntopd8gn$_run_closure1BeanInfo> (0x000000008e4e56b8) thrown at [./src/hotspot/share/classfile/systemDictionary.cpp, line 231]
Event: 46.144 Thread 0x00000263f782a800 Exception <a 'java/lang/ClassNotFoundException'{0x000000008e4f6c20}: build_2igjglum9x9dhy0bvntopd8gn$_run_closure1Customizer> (0x000000008e4f6c20) thrown at [./src/hotspot/share/classfile/systemDictionary.cpp, line 231]
Event: 46.208 Thread 0x00000263f782a800 Exception <a 'java/lang/NoClassDefFoundError'{0x000000008e1b1f88}: org/jetbrains/kotlin/gradle/plugin/KotlinBasePluginWrapper> (0x000000008e1b1f88) thrown at [./src/hotspot/share/oops/constantPool.cpp, line 775]
Event: 46.228 Thread 0x00000263f782a800 Exception <a 'sun/nio/fs/WindowsException'{0x000000008e046ae8}> (0x000000008e046ae8) thrown at [./src/hotspot/share/prims/jni.cpp, line 616]
Event: 46.514 Thread 0x00000263f782a800 Implicit null exception at 0x00000263e5fd4304 to 0x00000263e5fd4b18
Event: 46.515 Thread 0x00000263f782a800 Implicit null exception at 0x00000263e6368c75 to 0x00000263e63690f0
Event: 46.663 Thread 0x00000263f782a800 Implicit null exception at 0x00000263e63d7721 to 0x00000263e63d8130
Event: 46.724 Thread 0x00000263f782a800 Implicit null exception at 0x00000263e63df84e to 0x00000263e63e19a0
Event: 46.726 Thread 0x00000263f782a800 Exception <a 'sun/nio/fs/WindowsException'{0x000000008fef7c50}> (0x000000008fef7c50) thrown at [./src/hotspot/share/prims/jni.cpp, line 616]
Event: 46.740 Thread 0x00000263f782a800 Exception <a 'sun/nio/fs/WindowsException'{0x000000008fd9a800}> (0x000000008fd9a800) thrown at [./src/hotspot/share/prims/jni.cpp, line 616]
Event: 46.740 Thread 0x00000263f782a800 Exception <a 'sun/nio/fs/WindowsException'{0x000000008fd9b8d0}> (0x000000008fd9b8d0) thrown at [./src/hotspot/share/prims/jni.cpp, line 616]
Event: 46.740 Thread 0x00000263f782a800 Exception <a 'sun/nio/fs/WindowsException'{0x000000008fd9c9f0}> (0x000000008fd9c9f0) thrown at [./src/hotspot/share/prims/jni.cpp, line 616]
Event: 46.740 Thread 0x00000263f782a800 Exception <a 'sun/nio/fs/WindowsException'{0x000000008fd9db10}> (0x000000008fd9db10) thrown at [./src/hotspot/share/prims/jni.cpp, line 616]
Event: 46.758 Thread 0x00000263f782a800 Exception <a 'java/lang/reflect/InvocationTargetException'{0x000000008fb28720}> (0x000000008fb28720) thrown at [./src/hotspot/share/runtime/reflection.cpp, line 1247]
Event: 46.971 Thread 0x00000263f7ff5000 Implicit null exception at 0x00000263e5ff3a58 to 0x00000263e5ff42c4
Event: 46.997 Thread 0x00000263f7ff5000 Exception <a 'sun/nio/fs/WindowsException'{0x000000008eb352e8}> (0x000000008eb352e8) thrown at [./src/hotspot/share/prims/jni.cpp, line 616]
Event: 47.738 Thread 0x00000263fb16d800 Exception <a 'java/lang/NoSuchMethodError'{0x000000008f8f6178}: 'void java.lang.invoke.DirectMethodHandle$Holder.invokeStatic(java.lang.Object, java.lang.Object, java.lang.Object, java.lang.Object, java.lang.Object, java.lang.Object, java.lang.Object)'> (0x000000008f8f6178) thrown at [./src/hotspot/share/interpreter/linkResolver.cpp, line 773]

Events (20 events):
Event: 48.773 loading class org/gradle/internal/Try$1
Event: 48.773 loading class org/gradle/internal/Try$1 done
Event: 48.773 Executing VM operation: RevokeBias
Event: 48.773 Executing VM operation: RevokeBias done
Event: 48.773 Executing VM operation: RevokeBias
Event: 48.774 Executing VM operation: RevokeBias done
Event: 48.802 Executing VM operation: RevokeBias
Event: 48.802 Executing VM operation: RevokeBias done
Event: 48.803 Executing VM operation: RevokeBias
Event: 48.804 Executing VM operation: RevokeBias done
Event: 48.871 Executing VM operation: RevokeBias
Event: 48.871 Executing VM operation: RevokeBias done
Event: 48.933 Thread 0x00000263fa5a8000 Thread exited: 0x00000263fa5a8000
Event: 48.934 Executing VM operation: RevokeBias
Event: 48.934 Executing coalesced safepoint VM operation: RevokeBias
Event: 48.934 Executing coalesced safepoint VM operation: RevokeBias done
Event: 48.934 Executing VM operation: RevokeBias done
Event: 48.987 Thread 0x00000263fa5a1000 Thread exited: 0x00000263fa5a1000
Event: 49.014 Thread 0x00000263fa5a1000 Thread added: 0x00000263fa5a1000
Event: 49.037 Thread 0x00000263fa5a3000 Thread added: 0x00000263fa5a3000


Dynamic libraries:
0x00007ff6ad7b0000 - 0x00007ff6ad7ba000 	C:\Program Files\Android\Android Studio1\jre\bin\java.exe
0x00007ffc4ca60000 - 0x00007ffc4cc67000 	C:\Windows\SYSTEM32\ntdll.dll
0x00007ffc4b650000 - 0x00007ffc4b70d000 	C:\Windows\System32\KERNEL32.DLL
0x00007ffc4a270000 - 0x00007ffc4a5e4000 	C:\Windows\System32\KERNELBASE.dll
0x00007ffc4a060000 - 0x00007ffc4a171000 	C:\Windows\System32\ucrtbase.dll
0x00007ffc384c0000 - 0x00007ffc384d7000 	C:\Program Files\Android\Android Studio1\jre\bin\VCRUNTIME140.dll
0x00007ffc3c790000 - 0x00007ffc3c7a9000 	C:\Program Files\Android\Android Studio1\jre\bin\jli.dll
0x00007ffc4a8f0000 - 0x00007ffc4aa9c000 	C:\Windows\System32\USER32.dll
0x00007ffc38fa0000 - 0x00007ffc39245000 	C:\Windows\WinSxS\amd64_microsoft.windows.common-controls_6595b64144ccf1df_6.0.22000.120_none_9d947278b86cc467\COMCTL32.dll
0x00007ffc4a690000 - 0x00007ffc4a6b6000 	C:\Windows\System32\win32u.dll
0x00007ffc4be70000 - 0x00007ffc4bf13000 	C:\Windows\System32\msvcrt.dll
0x00007ffc4c9f0000 - 0x00007ffc4ca19000 	C:\Windows\System32\GDI32.dll
0x00007ffc49f40000 - 0x00007ffc4a052000 	C:\Windows\System32\gdi32full.dll
0x00007ffc4a5f0000 - 0x00007ffc4a68d000 	C:\Windows\System32\msvcp_win.dll
0x00007ffc4baa0000 - 0x00007ffc4bad1000 	C:\Windows\System32\IMM32.DLL
0x00007ffc1fd00000 - 0x00007ffc1fd9d000 	C:\Program Files\Android\Android Studio1\jre\bin\msvcp140.dll
0x00007ffc1a9b0000 - 0x00007ffc1b4b2000 	C:\Program Files\Android\Android Studio1\jre\bin\server\jvm.dll
0x00007ffc4aaa0000 - 0x00007ffc4ab4c000 	C:\Windows\System32\ADVAPI32.dll
0x00007ffc4ab60000 - 0x00007ffc4abfd000 	C:\Windows\System32\sechost.dll
0x00007ffc4bf40000 - 0x00007ffc4c061000 	C:\Windows\System32\RPCRT4.dll
0x00007ffc4c210000 - 0x00007ffc4c218000 	C:\Windows\System32\PSAPI.DLL
0x00007ffc2f3e0000 - 0x00007ffc2f3e9000 	C:\Windows\SYSTEM32\WSOCK32.dll
0x00007ffc31e80000 - 0x00007ffc31eb3000 	C:\Windows\SYSTEM32\WINMM.dll
0x00007ffc4bda0000 - 0x00007ffc4be0f000 	C:\Windows\System32\WS2_32.dll
0x00007ffc47e80000 - 0x00007ffc47e8a000 	C:\Windows\SYSTEM32\VERSION.dll
0x00007ffc49070000 - 0x00007ffc49088000 	C:\Windows\SYSTEM32\kernel.appcore.dll
0x00007ffc46400000 - 0x00007ffc46411000 	C:\Program Files\Android\Android Studio1\jre\bin\verify.dll
0x00007ffc3d130000 - 0x00007ffc3d351000 	C:\Windows\SYSTEM32\DBGHELP.DLL
0x00007ffc3ceb0000 - 0x00007ffc3cee1000 	C:\Windows\SYSTEM32\dbgcore.DLL
0x00007ffc4a1f0000 - 0x00007ffc4a270000 	C:\Windows\System32\bcryptPrimitives.dll
0x00007ffc3c680000 - 0x00007ffc3c6a9000 	C:\Program Files\Android\Android Studio1\jre\bin\java.dll
0x00007ffc47f30000 - 0x00007ffc47f3b000 	C:\Program Files\Android\Android Studio1\jre\bin\jimage.dll
0x00007ffc400e0000 - 0x00007ffc400f8000 	C:\Program Files\Android\Android Studio1\jre\bin\zip.dll
0x00007ffc4c220000 - 0x00007ffc4c9c9000 	C:\Windows\System32\SHELL32.dll
0x00007ffc480f0000 - 0x00007ffc48952000 	C:\Windows\SYSTEM32\windows.storage.dll
0x00007ffc4b2d0000 - 0x00007ffc4b648000 	C:\Windows\System32\combase.dll
0x00007ffc47f80000 - 0x00007ffc480e6000 	C:\Windows\SYSTEM32\wintypes.dll
0x00007ffc4bae0000 - 0x00007ffc4bbca000 	C:\Windows\System32\SHCORE.dll
0x00007ffc4b710000 - 0x00007ffc4b76d000 	C:\Windows\System32\shlwapi.dll
0x00007ffc49e70000 - 0x00007ffc49e91000 	C:\Windows\SYSTEM32\profapi.dll
0x00007ffc40040000 - 0x00007ffc4005a000 	C:\Program Files\Android\Android Studio1\jre\bin\net.dll
0x00007ffc44730000 - 0x00007ffc4483c000 	C:\Windows\SYSTEM32\WINHTTP.dll
0x00007ffc49480000 - 0x00007ffc494e7000 	C:\Windows\system32\mswsock.dll
0x00007ffc3cbd0000 - 0x00007ffc3cbe4000 	C:\Program Files\Android\Android Studio1\jre\bin\nio.dll
0x00007ffc384e0000 - 0x00007ffc38507000 	C:\Users\Marwa\.gradle\native\e1d6ef7f7dcc3fd88c89a11ec53ec762bb8ba0a96d01ffa2cd45eb1d1d8dd5c5\windows-amd64\native-platform.dll
0x00007ffc1ffd0000 - 0x00007ffc20114000 	C:\Users\Marwa\.gradle\native\5664cfc778a61ccfe75a443a1ab52a65af34e5dc3c78e0209fed803814484fcb\windows-amd64\native-platform-file-events.dll
0x00007ffc47090000 - 0x00007ffc4709a000 	C:\Program Files\Android\Android Studio1\jre\bin\management.dll
0x00007ffc3cb30000 - 0x00007ffc3cb3d000 	C:\Program Files\Android\Android Studio1\jre\bin\management_ext.dll
0x00007ffc496d0000 - 0x00007ffc496e8000 	C:\Windows\SYSTEM32\CRYPTSP.dll
0x00007ffc48fd0000 - 0x00007ffc49005000 	C:\Windows\system32\rsaenh.dll
0x00007ffc49570000 - 0x00007ffc49599000 	C:\Windows\SYSTEM32\USERENV.dll
0x00007ffc49840000 - 0x00007ffc49867000 	C:\Windows\SYSTEM32\bcrypt.dll
0x00007ffc496c0000 - 0x00007ffc496cc000 	C:\Windows\SYSTEM32\CRYPTBASE.dll
0x00007ffc48bb0000 - 0x00007ffc48bdd000 	C:\Windows\SYSTEM32\IPHLPAPI.DLL
0x00007ffc4ba20000 - 0x00007ffc4ba29000 	C:\Windows\System32\NSI.dll
0x00007ffc446c0000 - 0x00007ffc446d9000 	C:\Windows\SYSTEM32\dhcpcsvc6.DLL
0x00007ffc44f30000 - 0x00007ffc44f4e000 	C:\Windows\SYSTEM32\dhcpcsvc.DLL
0x00007ffc48be0000 - 0x00007ffc48cc7000 	C:\Windows\SYSTEM32\DNSAPI.dll
0x00007ffc3a160000 - 0x00007ffc3a187000 	C:\Program Files\Android\Android Studio1\jre\bin\sunec.dll
0x00007ffc42450000 - 0x00007ffc4245a000 	C:\Windows\System32\rasadhlp.dll
0x00007ffc43250000 - 0x00007ffc432d1000 	C:\Windows\System32\fwpuclnt.dll

dbghelp: loaded successfully - version: 4.0.5 - missing functions: none
symbol engine: initialized successfully - sym options: 0x614 - pdb path: .;C:\Program Files\Android\Android Studio1\jre\bin;C:\Windows\SYSTEM32;C:\Windows\WinSxS\amd64_microsoft.windows.common-controls_6595b64144ccf1df_6.0.22000.120_none_9d947278b86cc467;C:\Program Files\Android\Android Studio1\jre\bin\server;C:\Users\Marwa\.gradle\native\e1d6ef7f7dcc3fd88c89a11ec53ec762bb8ba0a96d01ffa2cd45eb1d1d8dd5c5\windows-amd64;C:\Users\Marwa\.gradle\native\5664cfc778a61ccfe75a443a1ab52a65af34e5dc3c78e0209fed803814484fcb\windows-amd64

VM Arguments:
jvm_args: --add-opens=java.base/java.util=ALL-UNNAMED --add-opens=java.base/java.lang=ALL-UNNAMED --add-opens=java.base/java.lang.invoke=ALL-UNNAMED --add-opens=java.base/java.util=ALL-UNNAMED --add-opens=java.prefs/java.util.prefs=ALL-UNNAMED --add-opens=java.prefs/java.util.prefs=ALL-UNNAMED --add-opens=java.base/java.nio.charset=ALL-UNNAMED --add-opens=java.base/java.net=ALL-UNNAMED --add-opens=java.base/java.util.concurrent.atomic=ALL-UNNAMED -Xmx2048m -Dfile.encoding=UTF-8 -Duser.country=US -Duser.language=en -Duser.variant 
java_command: org.gradle.launcher.daemon.bootstrap.GradleDaemon 7.2
java_class_path (initial): C:\Users\Marwa\.gradle\wrapper\dists\gradle-7.2-bin\2dnblmf4td7x66yl1d74lt32g\gradle-7.2\lib\gradle-launcher-7.2.jar
Launcher Type: SUN_STANDARD

[Global flags]
     intx CICompilerCount                          = 4                                         {product} {ergonomic}
     uint ConcGCThreads                            = 2                                         {product} {ergonomic}
     uint G1ConcRefinementThreads                  = 8                                         {product} {ergonomic}
   size_t G1HeapRegionSize                         = 1048576                                   {product} {ergonomic}
    uintx GCDrainStackTargetSize                   = 64                                        {product} {ergonomic}
   size_t InitialHeapSize                          = 132120576                                 {product} {ergonomic}
   size_t MarkStackSize                            = 4194304                                   {product} {ergonomic}
   size_t MaxHeapSize                              = 2147483648                                {product} {command line}
   size_t MaxNewSize                               = 1287651328                                {product} {ergonomic}
   size_t MinHeapDeltaBytes                        = 1048576                                   {product} {ergonomic}
    uintx NonNMethodCodeHeapSize                   = 5836300                                {pd product} {ergonomic}
    uintx NonProfiledCodeHeapSize                  = 122910970                              {pd product} {ergonomic}
    uintx ProfiledCodeHeapSize                     = 122910970                              {pd product} {ergonomic}
    uintx ReservedCodeCacheSize                    = 251658240                              {pd product} {ergonomic}
     bool SegmentedCodeCache                       = true                                      {product} {ergonomic}
     bool UseCompressedClassPointers               = true                                 {lp64_product} {ergonomic}
     bool UseCompressedOops                        = true                                 {lp64_product} {ergonomic}
     bool UseG1GC                                  = true                                      {product} {ergonomic}
     bool UseLargePagesIndividualAllocation        = false                                  {pd product} {ergonomic}

Logging:
Log output configuration:
 #0: stdout all=warning uptime,level,tags
 #1: stderr all=off uptime,level,tags

Environment Variables:
PATH=C:\oraclexe\app\oracle\product\10.2.0\server\bin;C:\Program Files (x86)\NVIDIA Corporation\PhysX\Common;C:\Python310\Scripts\;C:\Python310\;C:\Program Files\Common Files\Oracle\Java\javapath;C:\Windows\system32;C:\Windows;C:\Windows\System32\Wbem;C:\Windows\System32\WindowsPowerShell\v1.0\;C:\Windows\System32\OpenSSH\;C:\Users\Marwa\AppData\Roaming\nvm;C:\Program Files\nodejs;C:\Program Files\Git\cmd;C:\Program Files\Java\jdk-16.0.2\bin;C:\msys64\mingw64\bin;C:\xampp\php;C:\ProgramData\ComposerSetup\bin;C:\Users\Marwa\AppData\Local\Microsoft\WindowsApps;C:\Users\Marwa\AppData\Roaming\npm;C:\Users\Marwa\AppData\Local\Programs\Microsoft VS Code\bin;C:\Users\Marwa\AppData\Roaming\nvm;C:\Program Files\nodejs;C:\MinGW\bin;C:\Users\Marwa\AppData\Roaming\Composer\vendor\bin
USERNAME=Marwa
OS=Windows_NT
PROCESSOR_IDENTIFIER=Intel64 Family 6 Model 165 Stepping 2, GenuineIntel



---------------  S Y S T E M  ---------------

OS: Windows 11 , 64 bit Build 22000 (10.0.22000.120)
OS uptime: 0 days 14:38 hours

CPU:total 8 (initial active 8) (4 cores per cpu, 2 threads per core) family 6 model 165 stepping 2 microcode 0xe0, cmov, cx8, fxsr, mmx, sse, sse2, sse3, ssse3, sse4.1, sse4.2, popcnt, avx, avx2, aes, clmul, erms, 3dnowpref, lzcnt, ht, tsc, tscinvbit, bmi1, bmi2, adx, fma

Memory: 4k page, system-wide physical 8010M (1182M free)
TotalPageFile size 10058M (AvailPageFile size 4M)
current process WorkingSet (physical memory assigned to process): 658M, peak: 658M
current process commit charge ("private bytes"): 698M, peak: 698M

vm_info: OpenJDK 64-Bit Server VM (11.0.13+0-b1751.21-8125866) for windows-amd64 JRE (11.0.13+0-b1751.21-8125866), built on Feb  2 2022 03:00:22 by "builder" with MS VC++ 14.0 (VS2015)

END.
